{
  "C:\\Users\\Lenovo\\Desktop\\D\\it development\\RS-School\\asastra97-REACT2025Q1\\src\\app\\client-page.tsx": {
    "path": "C:\\Users\\Lenovo\\Desktop\\D\\it development\\RS-School\\asastra97-REACT2025Q1\\src\\app\\client-page.tsx",
    "all": false,
    "statementMap": {
      "2": {
        "start": { "line": 3, "column": 0 },
        "end": { "line": 3, "column": 61 }
      },
      "3": {
        "start": { "line": 4, "column": 0 },
        "end": { "line": 4, "column": 8 }
      },
      "18": {
        "start": { "line": 19, "column": 0 },
        "end": { "line": 19, "column": 61 }
      },
      "19": {
        "start": { "line": 20, "column": 0 },
        "end": { "line": 20, "column": 44 }
      },
      "20": {
        "start": { "line": 21, "column": 0 },
        "end": { "line": 21, "column": 52 }
      },
      "29": {
        "start": { "line": 30, "column": 0 },
        "end": { "line": 30, "column": 21 }
      },
      "30": {
        "start": { "line": 31, "column": 0 },
        "end": { "line": 31, "column": 17 }
      },
      "31": {
        "start": { "line": 32, "column": 0 },
        "end": { "line": 32, "column": 14 }
      },
      "32": {
        "start": { "line": 33, "column": 0 },
        "end": { "line": 33, "column": 14 }
      },
      "33": {
        "start": { "line": 34, "column": 0 },
        "end": { "line": 34, "column": 19 }
      },
      "34": {
        "start": { "line": 35, "column": 0 },
        "end": { "line": 35, "column": 24 }
      },
      "35": {
        "start": { "line": 36, "column": 0 },
        "end": { "line": 36, "column": 29 }
      },
      "36": {
        "start": { "line": 37, "column": 0 },
        "end": { "line": 37, "column": 61 }
      },
      "37": {
        "start": { "line": 38, "column": 0 },
        "end": { "line": 38, "column": 41 }
      },
      "38": {
        "start": { "line": 39, "column": 0 },
        "end": { "line": 39, "column": 50 }
      },
      "39": {
        "start": { "line": 40, "column": 0 },
        "end": { "line": 40, "column": 56 }
      },
      "40": {
        "start": { "line": 41, "column": 0 },
        "end": { "line": 41, "column": 36 }
      },
      "42": {
        "start": { "line": 43, "column": 0 },
        "end": { "line": 43, "column": 19 }
      },
      "43": {
        "start": { "line": 44, "column": 0 },
        "end": { "line": 44, "column": 31 }
      },
      "44": {
        "start": { "line": 45, "column": 0 },
        "end": { "line": 45, "column": 35 }
      },
      "46": {
        "start": { "line": 47, "column": 0 },
        "end": { "line": 47, "column": 19 }
      },
      "47": {
        "start": { "line": 48, "column": 0 },
        "end": { "line": 48, "column": 24 }
      },
      "48": {
        "start": { "line": 49, "column": 0 },
        "end": { "line": 49, "column": 23 }
      },
      "50": {
        "start": { "line": 51, "column": 0 },
        "end": { "line": 51, "column": 43 }
      },
      "51": {
        "start": { "line": 52, "column": 0 },
        "end": { "line": 52, "column": 23 }
      },
      "52": {
        "start": { "line": 53, "column": 0 },
        "end": { "line": 53, "column": 64 }
      },
      "53": {
        "start": { "line": 54, "column": 0 },
        "end": { "line": 54, "column": 31 }
      },
      "54": {
        "start": { "line": 55, "column": 0 },
        "end": { "line": 55, "column": 28 }
      },
      "55": {
        "start": { "line": 56, "column": 0 },
        "end": { "line": 56, "column": 42 }
      },
      "56": {
        "start": { "line": 57, "column": 0 },
        "end": { "line": 57, "column": 4 }
      },
      "58": {
        "start": { "line": 59, "column": 0 },
        "end": { "line": 59, "column": 46 }
      },
      "59": {
        "start": { "line": 60, "column": 0 },
        "end": { "line": 60, "column": 23 }
      },
      "60": {
        "start": { "line": 61, "column": 0 },
        "end": { "line": 61, "column": 64 }
      },
      "61": {
        "start": { "line": 62, "column": 0 },
        "end": { "line": 62, "column": 37 }
      },
      "62": {
        "start": { "line": 63, "column": 0 },
        "end": { "line": 63, "column": 42 }
      },
      "63": {
        "start": { "line": 64, "column": 0 },
        "end": { "line": 64, "column": 4 }
      },
      "65": {
        "start": { "line": 66, "column": 0 },
        "end": { "line": 66, "column": 46 }
      },
      "66": {
        "start": { "line": 67, "column": 0 },
        "end": { "line": 67, "column": 54 }
      },
      "68": {
        "start": { "line": 69, "column": 0 },
        "end": { "line": 69, "column": 10 }
      },
      "69": {
        "start": { "line": 70, "column": 0 },
        "end": { "line": 70, "column": 66 }
      },
      "70": {
        "start": { "line": 71, "column": 0 },
        "end": { "line": 71, "column": 23 }
      },
      "71": {
        "start": { "line": 72, "column": 0 },
        "end": { "line": 72, "column": 10 }
      },
      "72": {
        "start": { "line": 73, "column": 0 },
        "end": { "line": 73, "column": 109 }
      },
      "74": {
        "start": { "line": 75, "column": 0 },
        "end": { "line": 75, "column": 49 }
      },
      "75": {
        "start": { "line": 76, "column": 0 },
        "end": { "line": 76, "column": 67 }
      },
      "76": {
        "start": { "line": 77, "column": 0 },
        "end": { "line": 77, "column": 48 }
      },
      "77": {
        "start": { "line": 78, "column": 0 },
        "end": { "line": 78, "column": 24 }
      },
      "78": {
        "start": { "line": 79, "column": 0 },
        "end": { "line": 79, "column": 23 }
      },
      "79": {
        "start": { "line": 80, "column": 0 },
        "end": { "line": 80, "column": 39 }
      },
      "80": {
        "start": { "line": 81, "column": 0 },
        "end": { "line": 81, "column": 72 }
      },
      "82": {
        "start": { "line": 83, "column": 0 },
        "end": { "line": 83, "column": 14 }
      },
      "83": {
        "start": { "line": 84, "column": 0 },
        "end": { "line": 84, "column": 46 }
      },
      "84": {
        "start": { "line": 85, "column": 0 },
        "end": { "line": 85, "column": 30 }
      },
      "85": {
        "start": { "line": 86, "column": 0 },
        "end": { "line": 86, "column": 27 }
      },
      "86": {
        "start": { "line": 87, "column": 0 },
        "end": { "line": 87, "column": 43 }
      },
      "87": {
        "start": { "line": 88, "column": 0 },
        "end": { "line": 88, "column": 41 }
      },
      "88": {
        "start": { "line": 89, "column": 0 },
        "end": { "line": 89, "column": 49 }
      },
      "89": {
        "start": { "line": 90, "column": 0 },
        "end": { "line": 90, "column": 18 }
      },
      "91": {
        "start": { "line": 92, "column": 0 },
        "end": { "line": 92, "column": 15 }
      },
      "93": {
        "start": { "line": 94, "column": 0 },
        "end": { "line": 94, "column": 15 }
      },
      "94": {
        "start": { "line": 95, "column": 0 },
        "end": { "line": 95, "column": 12 }
      },
      "95": {
        "start": { "line": 96, "column": 0 },
        "end": { "line": 96, "column": 16 }
      },
      "96": {
        "start": { "line": 97, "column": 0 },
        "end": { "line": 97, "column": 10 }
      },
      "97": {
        "start": { "line": 98, "column": 0 },
        "end": { "line": 98, "column": 82 }
      },
      "99": {
        "start": { "line": 100, "column": 0 },
        "end": { "line": 100, "column": 43 }
      },
      "100": {
        "start": { "line": 101, "column": 0 },
        "end": { "line": 101, "column": 55 }
      },
      "102": {
        "start": { "line": 103, "column": 0 },
        "end": { "line": 103, "column": 12 }
      },
      "103": {
        "start": { "line": 104, "column": 0 },
        "end": { "line": 104, "column": 10 }
      },
      "105": {
        "start": { "line": 106, "column": 0 },
        "end": { "line": 106, "column": 2 }
      },
      "107": {
        "start": { "line": 108, "column": 0 },
        "end": { "line": 108, "column": 26 }
      }
    },
    "s": {
      "2": 1,
      "3": 1,
      "18": 1,
      "19": 1,
      "20": 1,
      "29": 1,
      "30": 8,
      "31": 8,
      "32": 8,
      "33": 8,
      "34": 8,
      "35": 8,
      "36": 8,
      "37": 8,
      "38": 8,
      "39": 8,
      "40": 8,
      "42": 8,
      "43": 3,
      "44": 8,
      "46": 8,
      "47": 3,
      "48": 8,
      "50": 8,
      "51": 1,
      "52": 1,
      "53": 1,
      "54": 1,
      "55": 1,
      "56": 1,
      "58": 8,
      "59": 0,
      "60": 0,
      "61": 0,
      "62": 0,
      "63": 0,
      "65": 8,
      "66": 8,
      "68": 8,
      "69": 8,
      "70": 8,
      "71": 8,
      "72": 8,
      "74": 8,
      "75": 8,
      "76": 8,
      "77": 8,
      "78": 1,
      "79": 6,
      "80": 2,
      "82": 4,
      "83": 4,
      "84": 4,
      "85": 4,
      "86": 4,
      "87": 4,
      "88": 4,
      "89": 4,
      "91": 4,
      "93": 8,
      "94": 8,
      "95": 8,
      "96": 8,
      "97": 8,
      "99": 8,
      "100": 0,
      "102": 8,
      "103": 8,
      "105": 8,
      "107": 1
    },
    "branchMap": {
      "0": {
        "type": "branch",
        "line": 30,
        "loc": {
          "start": { "line": 30, "column": 19 },
          "end": { "line": 106, "column": 2 }
        },
        "locations": [
          {
            "start": { "line": 30, "column": 19 },
            "end": { "line": 106, "column": 2 }
          }
        ]
      },
      "1": {
        "type": "branch",
        "line": 66,
        "loc": {
          "start": { "line": 66, "column": 16 },
          "end": { "line": 66, "column": 43 }
        },
        "locations": [
          {
            "start": { "line": 66, "column": 16 },
            "end": { "line": 66, "column": 43 }
          }
        ]
      },
      "2": {
        "type": "branch",
        "line": 66,
        "loc": {
          "start": { "line": 66, "column": 32 },
          "end": { "line": 66, "column": 46 }
        },
        "locations": [
          {
            "start": { "line": 66, "column": 32 },
            "end": { "line": 66, "column": 46 }
          }
        ]
      },
      "3": {
        "type": "branch",
        "line": 67,
        "loc": {
          "start": { "line": 67, "column": 21 },
          "end": { "line": 67, "column": 52 }
        },
        "locations": [
          {
            "start": { "line": 67, "column": 21 },
            "end": { "line": 67, "column": 52 }
          }
        ]
      },
      "4": {
        "type": "branch",
        "line": 67,
        "loc": {
          "start": { "line": 67, "column": 37 },
          "end": { "line": 67, "column": 52 }
        },
        "locations": [
          {
            "start": { "line": 67, "column": 37 },
            "end": { "line": 67, "column": 52 }
          }
        ]
      },
      "5": {
        "type": "branch",
        "line": 67,
        "loc": {
          "start": { "line": 67, "column": 43 },
          "end": { "line": 67, "column": 54 }
        },
        "locations": [
          {
            "start": { "line": 67, "column": 43 },
            "end": { "line": 67, "column": 54 }
          }
        ]
      },
      "6": {
        "type": "branch",
        "line": 73,
        "loc": {
          "start": { "line": 73, "column": 22 },
          "end": { "line": 73, "column": 77 }
        },
        "locations": [
          {
            "start": { "line": 73, "column": 22 },
            "end": { "line": 73, "column": 77 }
          }
        ]
      },
      "7": {
        "type": "branch",
        "line": 73,
        "loc": {
          "start": { "line": 73, "column": 34 },
          "end": { "line": 73, "column": 79 }
        },
        "locations": [
          {
            "start": { "line": 73, "column": 34 },
            "end": { "line": 73, "column": 79 }
          }
        ]
      },
      "8": {
        "type": "branch",
        "line": 78,
        "loc": {
          "start": { "line": 78, "column": 11 },
          "end": { "line": 79, "column": 23 }
        },
        "locations": [
          {
            "start": { "line": 78, "column": 11 },
            "end": { "line": 79, "column": 23 }
          }
        ]
      },
      "9": {
        "type": "branch",
        "line": 79,
        "loc": {
          "start": { "line": 79, "column": 21 },
          "end": { "line": 92, "column": 15 }
        },
        "locations": [
          {
            "start": { "line": 79, "column": 21 },
            "end": { "line": 92, "column": 15 }
          }
        ]
      },
      "10": {
        "type": "branch",
        "line": 80,
        "loc": {
          "start": { "line": 80, "column": 30 },
          "end": { "line": 81, "column": 72 }
        },
        "locations": [
          {
            "start": { "line": 80, "column": 30 },
            "end": { "line": 81, "column": 72 }
          }
        ]
      },
      "11": {
        "type": "branch",
        "line": 81,
        "loc": {
          "start": { "line": 81, "column": 70 },
          "end": { "line": 92, "column": 15 }
        },
        "locations": [
          {
            "start": { "line": 81, "column": 70 },
            "end": { "line": 92, "column": 15 }
          }
        ]
      },
      "12": {
        "type": "branch",
        "line": 84,
        "loc": {
          "start": { "line": 84, "column": 31 },
          "end": { "line": 84, "column": 44 }
        },
        "locations": [
          {
            "start": { "line": 84, "column": 31 },
            "end": { "line": 84, "column": 44 }
          }
        ]
      },
      "13": {
        "type": "branch",
        "line": 98,
        "loc": {
          "start": { "line": 98, "column": 22 },
          "end": { "line": 98, "column": 46 }
        },
        "locations": [
          {
            "start": { "line": 98, "column": 22 },
            "end": { "line": 98, "column": 46 }
          }
        ]
      },
      "14": {
        "type": "branch",
        "line": 100,
        "loc": {
          "start": { "line": 100, "column": 9 },
          "end": { "line": 100, "column": 43 }
        },
        "locations": [
          {
            "start": { "line": 100, "column": 9 },
            "end": { "line": 100, "column": 43 }
          }
        ]
      },
      "15": {
        "type": "branch",
        "line": 100,
        "loc": {
          "start": { "line": 100, "column": 22 },
          "end": { "line": 101, "column": 55 }
        },
        "locations": [
          {
            "start": { "line": 100, "column": 22 },
            "end": { "line": 101, "column": 55 }
          }
        ]
      },
      "16": {
        "type": "branch",
        "line": 43,
        "loc": {
          "start": { "line": 43, "column": 12 },
          "end": { "line": 45, "column": 5 }
        },
        "locations": [
          {
            "start": { "line": 43, "column": 12 },
            "end": { "line": 45, "column": 5 }
          }
        ]
      },
      "17": {
        "type": "branch",
        "line": 47,
        "loc": {
          "start": { "line": 47, "column": 12 },
          "end": { "line": 49, "column": 5 }
        },
        "locations": [
          {
            "start": { "line": 47, "column": 12 },
            "end": { "line": 49, "column": 5 }
          }
        ]
      },
      "18": {
        "type": "branch",
        "line": 51,
        "loc": {
          "start": { "line": 51, "column": 23 },
          "end": { "line": 57, "column": 4 }
        },
        "locations": [
          {
            "start": { "line": 51, "column": 23 },
            "end": { "line": 57, "column": 4 }
          }
        ]
      }
    },
    "b": {
      "0": [8],
      "1": [7],
      "2": [2],
      "3": [7],
      "4": [5],
      "5": [2],
      "6": [0],
      "7": [7],
      "8": [1],
      "9": [6],
      "10": [2],
      "11": [4],
      "12": [0],
      "13": [0],
      "14": [0],
      "15": [0],
      "16": [3],
      "17": [3],
      "18": [1]
    },
    "fnMap": {
      "0": {
        "name": "ClientPage",
        "decl": {
          "start": { "line": 30, "column": 19 },
          "end": { "line": 106, "column": 2 }
        },
        "loc": {
          "start": { "line": 30, "column": 19 },
          "end": { "line": 106, "column": 2 }
        },
        "line": 30
      },
      "1": {
        "name": "handleSearch",
        "decl": {
          "start": { "line": 51, "column": 23 },
          "end": { "line": 57, "column": 4 }
        },
        "loc": {
          "start": { "line": 51, "column": 23 },
          "end": { "line": 57, "column": 4 }
        },
        "line": 51
      },
      "2": {
        "name": "handlePageChange",
        "decl": {
          "start": { "line": 59, "column": 27 },
          "end": { "line": 64, "column": 4 }
        },
        "loc": {
          "start": { "line": 59, "column": 27 },
          "end": { "line": 64, "column": 4 }
        },
        "line": 59
      }
    },
    "f": { "0": 8, "1": 1, "2": 0 }
  },
  "C:\\Users\\Lenovo\\Desktop\\D\\it development\\RS-School\\asastra97-REACT2025Q1\\src\\app\\layout.tsx": {
    "path": "C:\\Users\\Lenovo\\Desktop\\D\\it development\\RS-School\\asastra97-REACT2025Q1\\src\\app\\layout.tsx",
    "all": true,
    "statementMap": {
      "0": {
        "start": { "line": 1, "column": 0 },
        "end": { "line": 1, "column": 37 }
      },
      "1": {
        "start": { "line": 2, "column": 0 },
        "end": { "line": 2, "column": 59 }
      },
      "2": {
        "start": { "line": 3, "column": 0 },
        "end": { "line": 3, "column": 46 }
      },
      "3": {
        "start": { "line": 4, "column": 0 },
        "end": { "line": 4, "column": 59 }
      },
      "4": {
        "start": { "line": 5, "column": 0 },
        "end": { "line": 5, "column": 31 }
      },
      "5": {
        "start": { "line": 6, "column": 0 },
        "end": { "line": 6, "column": 0 }
      },
      "6": {
        "start": { "line": 7, "column": 0 },
        "end": { "line": 7, "column": 35 }
      },
      "7": {
        "start": { "line": 8, "column": 0 },
        "end": { "line": 8, "column": 24 }
      },
      "8": {
        "start": { "line": 9, "column": 0 },
        "end": { "line": 9, "column": 14 }
      },
      "9": {
        "start": { "line": 10, "column": 0 },
        "end": { "line": 10, "column": 88 }
      },
      "10": {
        "start": { "line": 11, "column": 0 },
        "end": { "line": 11, "column": 10 }
      },
      "11": {
        "start": { "line": 12, "column": 0 },
        "end": { "line": 12, "column": 25 }
      },
      "12": {
        "start": { "line": 13, "column": 0 },
        "end": { "line": 13, "column": 4 }
      },
      "13": {
        "start": { "line": 14, "column": 0 },
        "end": { "line": 14, "column": 2 }
      },
      "14": {
        "start": { "line": 15, "column": 0 },
        "end": { "line": 15, "column": 0 }
      },
      "15": {
        "start": { "line": 16, "column": 0 },
        "end": { "line": 16, "column": 69 }
      },
      "16": {
        "start": { "line": 17, "column": 0 },
        "end": { "line": 17, "column": 10 }
      },
      "17": {
        "start": { "line": 18, "column": 0 },
        "end": { "line": 18, "column": 20 }
      },
      "18": {
        "start": { "line": 19, "column": 0 },
        "end": { "line": 19, "column": 12 }
      },
      "19": {
        "start": { "line": 20, "column": 0 },
        "end": { "line": 20, "column": 23 }
      },
      "20": {
        "start": { "line": 21, "column": 0 },
        "end": { "line": 21, "column": 25 }
      },
      "21": {
        "start": { "line": 22, "column": 0 },
        "end": { "line": 22, "column": 53 }
      },
      "22": {
        "start": { "line": 23, "column": 0 },
        "end": { "line": 23, "column": 26 }
      },
      "23": {
        "start": { "line": 24, "column": 0 },
        "end": { "line": 24, "column": 24 }
      },
      "24": {
        "start": { "line": 25, "column": 0 },
        "end": { "line": 25, "column": 13 }
      },
      "25": {
        "start": { "line": 26, "column": 0 },
        "end": { "line": 26, "column": 11 }
      },
      "26": {
        "start": { "line": 27, "column": 0 },
        "end": { "line": 27, "column": 4 }
      },
      "27": {
        "start": { "line": 28, "column": 0 },
        "end": { "line": 28, "column": 2 }
      },
      "28": {
        "start": { "line": 29, "column": 0 },
        "end": { "line": 29, "column": 0 }
      },
      "29": {
        "start": { "line": 30, "column": 0 },
        "end": { "line": 30, "column": 26 }
      }
    },
    "s": {
      "0": 0,
      "1": 0,
      "2": 0,
      "3": 0,
      "4": 0,
      "5": 0,
      "6": 0,
      "7": 0,
      "8": 0,
      "9": 0,
      "10": 0,
      "11": 0,
      "12": 0,
      "13": 0,
      "14": 0,
      "15": 0,
      "16": 0,
      "17": 0,
      "18": 0,
      "19": 0,
      "20": 0,
      "21": 0,
      "22": 0,
      "23": 0,
      "24": 0,
      "25": 0,
      "26": 0,
      "27": 0,
      "28": 0,
      "29": 0
    },
    "branchMap": {
      "0": {
        "type": "branch",
        "line": 1,
        "loc": {
          "start": { "line": 1, "column": 0 },
          "end": { "line": 30, "column": 26 }
        },
        "locations": [
          {
            "start": { "line": 1, "column": 0 },
            "end": { "line": 30, "column": 26 }
          }
        ]
      }
    },
    "b": { "0": [0] },
    "fnMap": {
      "0": {
        "name": "(empty-report)",
        "decl": {
          "start": { "line": 1, "column": 0 },
          "end": { "line": 30, "column": 26 }
        },
        "loc": {
          "start": { "line": 1, "column": 0 },
          "end": { "line": 30, "column": 26 }
        },
        "line": 1
      }
    },
    "f": { "0": 0 }
  },
  "C:\\Users\\Lenovo\\Desktop\\D\\it development\\RS-School\\asastra97-REACT2025Q1\\src\\app\\not-found.tsx": {
    "path": "C:\\Users\\Lenovo\\Desktop\\D\\it development\\RS-School\\asastra97-REACT2025Q1\\src\\app\\not-found.tsx",
    "all": false,
    "statementMap": {
      "0": {
        "start": { "line": 1, "column": 0 },
        "end": { "line": 1, "column": 31 }
      },
      "1": {
        "start": { "line": 2, "column": 0 },
        "end": { "line": 2, "column": 29 }
      },
      "3": {
        "start": { "line": 4, "column": 0 },
        "end": { "line": 4, "column": 23 }
      },
      "4": {
        "start": { "line": 5, "column": 0 },
        "end": { "line": 5, "column": 10 }
      },
      "5": {
        "start": { "line": 6, "column": 0 },
        "end": { "line": 6, "column": 113 }
      },
      "6": {
        "start": { "line": 7, "column": 0 },
        "end": { "line": 7, "column": 68 }
      },
      "7": {
        "start": { "line": 8, "column": 0 },
        "end": { "line": 8, "column": 48 }
      },
      "9": {
        "start": { "line": 10, "column": 0 },
        "end": { "line": 10, "column": 13 }
      },
      "10": {
        "start": { "line": 11, "column": 0 },
        "end": { "line": 11, "column": 21 }
      },
      "11": {
        "start": { "line": 12, "column": 0 },
        "end": { "line": 12, "column": 14 }
      },
      "12": {
        "start": { "line": 13, "column": 0 },
        "end": { "line": 13, "column": 21 }
      },
      "13": {
        "start": { "line": 14, "column": 0 },
        "end": { "line": 14, "column": 22 }
      },
      "14": {
        "start": { "line": 15, "column": 0 },
        "end": { "line": 15, "column": 39 }
      },
      "15": {
        "start": { "line": 16, "column": 0 },
        "end": { "line": 16, "column": 20 }
      },
      "16": {
        "start": { "line": 17, "column": 0 },
        "end": { "line": 17, "column": 10 }
      },
      "17": {
        "start": { "line": 18, "column": 0 },
        "end": { "line": 18, "column": 13 }
      },
      "18": {
        "start": { "line": 19, "column": 0 },
        "end": { "line": 19, "column": 10 }
      },
      "20": {
        "start": { "line": 21, "column": 0 },
        "end": { "line": 21, "column": 2 }
      },
      "22": {
        "start": { "line": 23, "column": 0 },
        "end": { "line": 23, "column": 23 }
      }
    },
    "s": {
      "0": 1,
      "1": 1,
      "3": 1,
      "4": 1,
      "5": 1,
      "6": 1,
      "7": 1,
      "9": 1,
      "10": 1,
      "11": 1,
      "12": 1,
      "13": 1,
      "14": 1,
      "15": 1,
      "16": 1,
      "17": 1,
      "18": 1,
      "20": 1,
      "22": 1
    },
    "branchMap": {
      "0": {
        "type": "branch",
        "line": 4,
        "loc": {
          "start": { "line": 4, "column": 16 },
          "end": { "line": 21, "column": 2 }
        },
        "locations": [
          {
            "start": { "line": 4, "column": 16 },
            "end": { "line": 21, "column": 2 }
          }
        ]
      }
    },
    "b": { "0": [1] },
    "fnMap": {
      "0": {
        "name": "Page404",
        "decl": {
          "start": { "line": 4, "column": 16 },
          "end": { "line": 21, "column": 2 }
        },
        "loc": {
          "start": { "line": 4, "column": 16 },
          "end": { "line": 21, "column": 2 }
        },
        "line": 4
      }
    },
    "f": { "0": 1 }
  },
  "C:\\Users\\Lenovo\\Desktop\\D\\it development\\RS-School\\asastra97-REACT2025Q1\\src\\app\\page.tsx": {
    "path": "C:\\Users\\Lenovo\\Desktop\\D\\it development\\RS-School\\asastra97-REACT2025Q1\\src\\app\\page.tsx",
    "all": false,
    "statementMap": {
      "0": {
        "start": { "line": 1, "column": 0 },
        "end": { "line": 1, "column": 65 }
      },
      "1": {
        "start": { "line": 2, "column": 0 },
        "end": { "line": 2, "column": 39 }
      },
      "7": {
        "start": { "line": 8, "column": 0 },
        "end": { "line": 8, "column": 57 }
      },
      "8": {
        "start": { "line": 9, "column": 0 },
        "end": { "line": 9, "column": 52 }
      },
      "10": {
        "start": { "line": 11, "column": 0 },
        "end": { "line": 11, "column": 52 }
      },
      "11": {
        "start": { "line": 12, "column": 0 },
        "end": { "line": 12, "column": 46 }
      },
      "12": {
        "start": { "line": 13, "column": 0 },
        "end": { "line": 13, "column": 40 }
      },
      "13": {
        "start": { "line": 14, "column": 0 },
        "end": { "line": 14, "column": 48 }
      },
      "15": {
        "start": { "line": 16, "column": 0 },
        "end": { "line": 16, "column": 65 }
      },
      "16": {
        "start": { "line": 17, "column": 0 },
        "end": { "line": 17, "column": 16 }
      },
      "17": {
        "start": { "line": 18, "column": 0 },
        "end": { "line": 18, "column": 15 }
      },
      "18": {
        "start": { "line": 19, "column": 0 },
        "end": { "line": 19, "column": 4 }
      },
      "20": {
        "start": { "line": 21, "column": 0 },
        "end": { "line": 21, "column": 30 }
      },
      "22": {
        "start": { "line": 23, "column": 0 },
        "end": { "line": 23, "column": 24 }
      },
      "23": {
        "start": { "line": 24, "column": 0 },
        "end": { "line": 24, "column": 76 }
      },
      "24": {
        "start": { "line": 25, "column": 0 },
        "end": { "line": 25, "column": 3 }
      },
      "26": {
        "start": { "line": 27, "column": 0 },
        "end": { "line": 27, "column": 10 }
      },
      "27": {
        "start": { "line": 28, "column": 0 },
        "end": { "line": 28, "column": 15 }
      },
      "28": {
        "start": { "line": 29, "column": 0 },
        "end": { "line": 29, "column": 37 }
      },
      "29": {
        "start": { "line": 30, "column": 0 },
        "end": { "line": 30, "column": 31 }
      },
      "30": {
        "start": { "line": 31, "column": 0 },
        "end": { "line": 31, "column": 31 }
      },
      "31": {
        "start": { "line": 32, "column": 0 },
        "end": { "line": 32, "column": 41 }
      },
      "32": {
        "start": { "line": 33, "column": 0 },
        "end": { "line": 33, "column": 6 }
      },
      "34": {
        "start": { "line": 35, "column": 0 },
        "end": { "line": 35, "column": 2 }
      },
      "36": {
        "start": { "line": 37, "column": 0 },
        "end": { "line": 37, "column": 24 }
      }
    },
    "s": {
      "0": 1,
      "1": 1,
      "7": 1,
      "8": 3,
      "10": 3,
      "11": 3,
      "12": 3,
      "13": 3,
      "15": 3,
      "16": 3,
      "17": 3,
      "18": 3,
      "20": 3,
      "22": 3,
      "23": 0,
      "24": 0,
      "26": 3,
      "27": 3,
      "28": 3,
      "29": 3,
      "30": 3,
      "31": 3,
      "32": 3,
      "34": 3,
      "36": 1
    },
    "branchMap": {
      "0": {
        "type": "branch",
        "line": 8,
        "loc": {
          "start": { "line": 8, "column": 17 },
          "end": { "line": 35, "column": 2 }
        },
        "locations": [
          {
            "start": { "line": 8, "column": 17 },
            "end": { "line": 35, "column": 2 }
          }
        ]
      },
      "1": {
        "type": "branch",
        "line": 9,
        "loc": {
          "start": { "line": 9, "column": 32 },
          "end": { "line": 9, "column": 52 }
        },
        "locations": [
          {
            "start": { "line": 9, "column": 32 },
            "end": { "line": 9, "column": 52 }
          }
        ]
      },
      "2": {
        "type": "branch",
        "line": 12,
        "loc": {
          "start": { "line": 12, "column": 38 },
          "end": { "line": 12, "column": 46 }
        },
        "locations": [
          {
            "start": { "line": 12, "column": 38 },
            "end": { "line": 12, "column": 46 }
          }
        ]
      },
      "3": {
        "type": "branch",
        "line": 13,
        "loc": {
          "start": { "line": 13, "column": 33 },
          "end": { "line": 13, "column": 40 }
        },
        "locations": [
          {
            "start": { "line": 13, "column": 33 },
            "end": { "line": 13, "column": 40 }
          }
        ]
      },
      "4": {
        "type": "branch",
        "line": 14,
        "loc": {
          "start": { "line": 14, "column": 26 },
          "end": { "line": 14, "column": 46 }
        },
        "locations": [
          {
            "start": { "line": 14, "column": 26 },
            "end": { "line": 14, "column": 46 }
          }
        ]
      },
      "5": {
        "type": "branch",
        "line": 23,
        "loc": {
          "start": { "line": 23, "column": 23 },
          "end": { "line": 25, "column": 3 }
        },
        "locations": [
          {
            "start": { "line": 23, "column": 23 },
            "end": { "line": 25, "column": 3 }
          }
        ]
      }
    },
    "b": { "0": [3], "1": [0], "2": [1], "3": [0], "4": [0], "5": [0] },
    "fnMap": {
      "0": {
        "name": "MainPage",
        "decl": {
          "start": { "line": 8, "column": 17 },
          "end": { "line": 35, "column": 2 }
        },
        "loc": {
          "start": { "line": 8, "column": 17 },
          "end": { "line": 35, "column": 2 }
        },
        "line": 8
      }
    },
    "f": { "0": 3 }
  },
  "C:\\Users\\Lenovo\\Desktop\\D\\it development\\RS-School\\asastra97-REACT2025Q1\\src\\components\\Card\\DetailedCard\\DetailedCard.tsx": {
    "path": "C:\\Users\\Lenovo\\Desktop\\D\\it development\\RS-School\\asastra97-REACT2025Q1\\src\\components\\Card\\DetailedCard\\DetailedCard.tsx",
    "all": false,
    "statementMap": {
      "2": {
        "start": { "line": 3, "column": 0 },
        "end": { "line": 3, "column": 31 }
      },
      "4": {
        "start": { "line": 5, "column": 0 },
        "end": { "line": 5, "column": 67 }
      },
      "10": {
        "start": { "line": 11, "column": 0 },
        "end": { "line": 11, "column": 67 }
      },
      "11": {
        "start": { "line": 12, "column": 0 },
        "end": { "line": 12, "column": 40 }
      },
      "13": {
        "start": { "line": 14, "column": 0 },
        "end": { "line": 14, "column": 10 }
      },
      "14": {
        "start": { "line": 15, "column": 0 },
        "end": { "line": 15, "column": 6 }
      },
      "15": {
        "start": { "line": 16, "column": 0 },
        "end": { "line": 16, "column": 80 }
      },
      "16": {
        "start": { "line": 17, "column": 0 },
        "end": { "line": 17, "column": 14 }
      },
      "17": {
        "start": { "line": 18, "column": 0 },
        "end": { "line": 18, "column": 39 }
      },
      "18": {
        "start": { "line": 19, "column": 0 },
        "end": { "line": 19, "column": 20 }
      },
      "19": {
        "start": { "line": 20, "column": 0 },
        "end": { "line": 20, "column": 21 }
      },
      "20": {
        "start": { "line": 21, "column": 0 },
        "end": { "line": 21, "column": 21 }
      },
      "21": {
        "start": { "line": 22, "column": 0 },
        "end": { "line": 22, "column": 10 }
      },
      "22": {
        "start": { "line": 23, "column": 0 },
        "end": { "line": 23, "column": 15 }
      },
      "23": {
        "start": { "line": 24, "column": 0 },
        "end": { "line": 24, "column": 133 }
      },
      "24": {
        "start": { "line": 25, "column": 0 },
        "end": { "line": 25, "column": 46 }
      },
      "25": {
        "start": { "line": 26, "column": 0 },
        "end": { "line": 26, "column": 16 }
      },
      "26": {
        "start": { "line": 27, "column": 0 },
        "end": { "line": 27, "column": 21 }
      },
      "27": {
        "start": { "line": 28, "column": 0 },
        "end": { "line": 28, "column": 22 }
      },
      "28": {
        "start": { "line": 29, "column": 0 },
        "end": { "line": 29, "column": 25 }
      },
      "29": {
        "start": { "line": 30, "column": 0 },
        "end": { "line": 30, "column": 67 }
      },
      "30": {
        "start": { "line": 31, "column": 0 },
        "end": { "line": 31, "column": 33 }
      },
      "31": {
        "start": { "line": 32, "column": 0 },
        "end": { "line": 32, "column": 32 }
      },
      "32": {
        "start": { "line": 33, "column": 0 },
        "end": { "line": 33, "column": 27 }
      },
      "33": {
        "start": { "line": 34, "column": 0 },
        "end": { "line": 34, "column": 12 }
      },
      "34": {
        "start": { "line": 35, "column": 0 },
        "end": { "line": 35, "column": 58 }
      },
      "35": {
        "start": { "line": 36, "column": 0 },
        "end": { "line": 36, "column": 34 }
      },
      "36": {
        "start": { "line": 37, "column": 0 },
        "end": { "line": 37, "column": 39 }
      },
      "37": {
        "start": { "line": 38, "column": 0 },
        "end": { "line": 38, "column": 46 }
      },
      "38": {
        "start": { "line": 39, "column": 0 },
        "end": { "line": 39, "column": 18 }
      },
      "39": {
        "start": { "line": 40, "column": 0 },
        "end": { "line": 40, "column": 43 }
      },
      "40": {
        "start": { "line": 41, "column": 0 },
        "end": { "line": 41, "column": 59 }
      },
      "42": {
        "start": { "line": 43, "column": 0 },
        "end": { "line": 43, "column": 21 }
      },
      "43": {
        "start": { "line": 44, "column": 0 },
        "end": { "line": 44, "column": 52 }
      },
      "44": {
        "start": { "line": 45, "column": 0 },
        "end": { "line": 45, "column": 18 }
      },
      "45": {
        "start": { "line": 46, "column": 0 },
        "end": { "line": 46, "column": 43 }
      },
      "46": {
        "start": { "line": 47, "column": 0 },
        "end": { "line": 47, "column": 80 }
      },
      "47": {
        "start": { "line": 48, "column": 0 },
        "end": { "line": 48, "column": 50 }
      },
      "48": {
        "start": { "line": 49, "column": 0 },
        "end": { "line": 49, "column": 18 }
      },
      "49": {
        "start": { "line": 50, "column": 0 },
        "end": { "line": 50, "column": 16 }
      },
      "50": {
        "start": { "line": 51, "column": 0 },
        "end": { "line": 51, "column": 14 }
      },
      "51": {
        "start": { "line": 52, "column": 0 },
        "end": { "line": 52, "column": 12 }
      },
      "52": {
        "start": { "line": 53, "column": 0 },
        "end": { "line": 53, "column": 7 }
      },
      "54": {
        "start": { "line": 55, "column": 0 },
        "end": { "line": 55, "column": 2 }
      }
    },
    "s": {
      "2": 1,
      "4": 1,
      "10": 1,
      "11": 5,
      "13": 5,
      "14": 5,
      "15": 5,
      "16": 5,
      "17": 5,
      "18": 5,
      "19": 5,
      "20": 5,
      "21": 5,
      "22": 5,
      "23": 5,
      "24": 5,
      "25": 5,
      "26": 5,
      "27": 5,
      "28": 5,
      "29": 5,
      "30": 5,
      "31": 5,
      "32": 5,
      "33": 5,
      "34": 5,
      "35": 5,
      "36": 5,
      "37": 5,
      "38": 5,
      "39": 5,
      "40": 5,
      "42": 5,
      "43": 5,
      "44": 5,
      "45": 5,
      "46": 5,
      "47": 5,
      "48": 5,
      "49": 5,
      "50": 5,
      "51": 5,
      "52": 5,
      "54": 5
    },
    "branchMap": {
      "0": {
        "type": "branch",
        "line": 11,
        "loc": {
          "start": { "line": 11, "column": 28 },
          "end": { "line": 55, "column": 2 }
        },
        "locations": [
          {
            "start": { "line": 11, "column": 28 },
            "end": { "line": 55, "column": 2 }
          }
        ]
      }
    },
    "b": { "0": [5] },
    "fnMap": {
      "0": {
        "name": "DetailedCard",
        "decl": {
          "start": { "line": 11, "column": 28 },
          "end": { "line": 55, "column": 2 }
        },
        "loc": {
          "start": { "line": 11, "column": 28 },
          "end": { "line": 55, "column": 2 }
        },
        "line": 11
      }
    },
    "f": { "0": 5 }
  },
  "C:\\Users\\Lenovo\\Desktop\\D\\it development\\RS-School\\asastra97-REACT2025Q1\\src\\components\\Card\\SearchCard\\SearchCard.tsx": {
    "path": "C:\\Users\\Lenovo\\Desktop\\D\\it development\\RS-School\\asastra97-REACT2025Q1\\src\\components\\Card\\SearchCard\\SearchCard.tsx",
    "all": false,
    "statementMap": {
      "2": {
        "start": { "line": 3, "column": 0 },
        "end": { "line": 3, "column": 31 }
      },
      "3": {
        "start": { "line": 4, "column": 0 },
        "end": { "line": 4, "column": 70 }
      },
      "5": {
        "start": { "line": 6, "column": 0 },
        "end": { "line": 6, "column": 8 }
      },
      "10": {
        "start": { "line": 11, "column": 0 },
        "end": { "line": 11, "column": 61 }
      },
      "16": {
        "start": { "line": 17, "column": 0 },
        "end": { "line": 17, "column": 58 }
      },
      "17": {
        "start": { "line": 18, "column": 0 },
        "end": { "line": 18, "column": 29 }
      },
      "18": {
        "start": { "line": 19, "column": 0 },
        "end": { "line": 19, "column": 41 }
      },
      "20": {
        "start": { "line": 21, "column": 0 },
        "end": { "line": 21, "column": 44 }
      },
      "22": {
        "start": { "line": 23, "column": 0 },
        "end": { "line": 23, "column": 36 }
      },
      "23": {
        "start": { "line": 24, "column": 0 },
        "end": { "line": 24, "column": 44 }
      },
      "24": {
        "start": { "line": 25, "column": 0 },
        "end": { "line": 25, "column": 39 }
      },
      "25": {
        "start": { "line": 26, "column": 0 },
        "end": { "line": 26, "column": 4 }
      },
      "26": {
        "start": { "line": 27, "column": 0 },
        "end": { "line": 27, "column": 55 }
      },
      "27": {
        "start": { "line": 28, "column": 0 },
        "end": { "line": 28, "column": 38 }
      },
      "28": {
        "start": { "line": 29, "column": 0 },
        "end": { "line": 29, "column": 4 }
      },
      "30": {
        "start": { "line": 31, "column": 0 },
        "end": { "line": 31, "column": 71 }
      },
      "31": {
        "start": { "line": 32, "column": 0 },
        "end": { "line": 32, "column": 27 }
      },
      "32": {
        "start": { "line": 33, "column": 0 },
        "end": { "line": 33, "column": 43 }
      },
      "33": {
        "start": { "line": 34, "column": 0 },
        "end": { "line": 34, "column": 12 }
      },
      "34": {
        "start": { "line": 35, "column": 0 },
        "end": { "line": 35, "column": 44 }
      },
      "35": {
        "start": { "line": 36, "column": 0 },
        "end": { "line": 36, "column": 5 }
      },
      "36": {
        "start": { "line": 37, "column": 0 },
        "end": { "line": 37, "column": 4 }
      },
      "38": {
        "start": { "line": 39, "column": 0 },
        "end": { "line": 39, "column": 33 }
      },
      "39": {
        "start": { "line": 40, "column": 0 },
        "end": { "line": 40, "column": 56 }
      },
      "40": {
        "start": { "line": 41, "column": 0 },
        "end": { "line": 41, "column": 46 }
      },
      "41": {
        "start": { "line": 42, "column": 0 },
        "end": { "line": 42, "column": 45 }
      },
      "42": {
        "start": { "line": 43, "column": 0 },
        "end": { "line": 43, "column": 4 }
      },
      "44": {
        "start": { "line": 45, "column": 0 },
        "end": { "line": 45, "column": 10 }
      },
      "45": {
        "start": { "line": 46, "column": 0 },
        "end": { "line": 46, "column": 56 }
      },
      "46": {
        "start": { "line": 47, "column": 0 },
        "end": { "line": 47, "column": 12 }
      },
      "47": {
        "start": { "line": 48, "column": 0 },
        "end": { "line": 48, "column": 23 }
      },
      "48": {
        "start": { "line": 49, "column": 0 },
        "end": { "line": 49, "column": 37 }
      },
      "49": {
        "start": { "line": 50, "column": 0 },
        "end": { "line": 50, "column": 40 }
      },
      "50": {
        "start": { "line": 51, "column": 0 },
        "end": { "line": 51, "column": 94 }
      },
      "51": {
        "start": { "line": 52, "column": 0 },
        "end": { "line": 52, "column": 8 }
      },
      "52": {
        "start": { "line": 53, "column": 0 },
        "end": { "line": 53, "column": 57 }
      },
      "53": {
        "start": { "line": 54, "column": 0 },
        "end": { "line": 54, "column": 62 }
      },
      "54": {
        "start": { "line": 55, "column": 0 },
        "end": { "line": 55, "column": 16 }
      },
      "55": {
        "start": { "line": 56, "column": 0 },
        "end": { "line": 56, "column": 23 }
      },
      "56": {
        "start": { "line": 57, "column": 0 },
        "end": { "line": 57, "column": 24 }
      },
      "57": {
        "start": { "line": 58, "column": 0 },
        "end": { "line": 58, "column": 93 }
      },
      "58": {
        "start": { "line": 59, "column": 0 },
        "end": { "line": 59, "column": 23 }
      },
      "59": {
        "start": { "line": 60, "column": 0 },
        "end": { "line": 60, "column": 22 }
      },
      "60": {
        "start": { "line": 61, "column": 0 },
        "end": { "line": 61, "column": 27 }
      },
      "61": {
        "start": { "line": 62, "column": 0 },
        "end": { "line": 62, "column": 12 }
      },
      "62": {
        "start": { "line": 63, "column": 0 },
        "end": { "line": 63, "column": 103 }
      },
      "63": {
        "start": { "line": 64, "column": 0 },
        "end": { "line": 64, "column": 113 }
      },
      "64": {
        "start": { "line": 65, "column": 0 },
        "end": { "line": 65, "column": 78 }
      },
      "65": {
        "start": { "line": 66, "column": 0 },
        "end": { "line": 66, "column": 80 }
      },
      "66": {
        "start": { "line": 67, "column": 0 },
        "end": { "line": 67, "column": 16 }
      },
      "67": {
        "start": { "line": 68, "column": 0 },
        "end": { "line": 68, "column": 14 }
      },
      "68": {
        "start": { "line": 69, "column": 0 },
        "end": { "line": 69, "column": 15 }
      },
      "69": {
        "start": { "line": 70, "column": 0 },
        "end": { "line": 70, "column": 10 }
      },
      "71": {
        "start": { "line": 72, "column": 0 },
        "end": { "line": 72, "column": 2 }
      }
    },
    "s": {
      "2": 1,
      "3": 1,
      "5": 1,
      "10": 1,
      "16": 1,
      "17": 7,
      "18": 7,
      "20": 7,
      "22": 7,
      "23": 7,
      "24": 7,
      "25": 7,
      "26": 7,
      "27": 7,
      "28": 7,
      "30": 7,
      "31": 0,
      "32": 0,
      "33": 0,
      "34": 0,
      "35": 0,
      "36": 0,
      "38": 7,
      "39": 1,
      "40": 1,
      "41": 1,
      "42": 1,
      "44": 7,
      "45": 7,
      "46": 7,
      "47": 7,
      "48": 7,
      "49": 7,
      "50": 7,
      "51": 7,
      "52": 7,
      "53": 7,
      "54": 7,
      "55": 7,
      "56": 7,
      "57": 7,
      "58": 7,
      "59": 7,
      "60": 7,
      "61": 7,
      "62": 7,
      "63": 7,
      "64": 7,
      "65": 7,
      "66": 7,
      "67": 7,
      "68": 7,
      "69": 7,
      "71": 7
    },
    "branchMap": {
      "0": {
        "type": "branch",
        "line": 17,
        "loc": {
          "start": { "line": 17, "column": 26 },
          "end": { "line": 72, "column": 2 }
        },
        "locations": [
          {
            "start": { "line": 17, "column": 26 },
            "end": { "line": 72, "column": 2 }
          }
        ]
      },
      "1": {
        "type": "branch",
        "line": 25,
        "loc": {
          "start": { "line": 25, "column": 4 },
          "end": { "line": 25, "column": 39 }
        },
        "locations": [
          {
            "start": { "line": 25, "column": 4 },
            "end": { "line": 25, "column": 39 }
          }
        ]
      },
      "2": {
        "type": "branch",
        "line": 28,
        "loc": {
          "start": { "line": 28, "column": 4 },
          "end": { "line": 28, "column": 38 }
        },
        "locations": [
          {
            "start": { "line": 28, "column": 4 },
            "end": { "line": 28, "column": 38 }
          }
        ]
      },
      "3": {
        "type": "branch",
        "line": 39,
        "loc": {
          "start": { "line": 39, "column": 26 },
          "end": { "line": 43, "column": 4 }
        },
        "locations": [
          {
            "start": { "line": 39, "column": 26 },
            "end": { "line": 43, "column": 4 }
          }
        ]
      }
    },
    "b": { "0": [7], "1": [13], "2": [1], "3": [1] },
    "fnMap": {
      "0": {
        "name": "SearchCard",
        "decl": {
          "start": { "line": 17, "column": 26 },
          "end": { "line": 72, "column": 2 }
        },
        "loc": {
          "start": { "line": 17, "column": 26 },
          "end": { "line": 72, "column": 2 }
        },
        "line": 17
      },
      "1": {
        "name": "handleSelectCharacter",
        "decl": {
          "start": { "line": 31, "column": 32 },
          "end": { "line": 37, "column": 4 }
        },
        "loc": {
          "start": { "line": 31, "column": 32 },
          "end": { "line": 37, "column": 4 }
        },
        "line": 31
      },
      "2": {
        "name": "handleCardClick",
        "decl": {
          "start": { "line": 39, "column": 26 },
          "end": { "line": 43, "column": 4 }
        },
        "loc": {
          "start": { "line": 39, "column": 26 },
          "end": { "line": 43, "column": 4 }
        },
        "line": 39
      }
    },
    "f": { "0": 7, "1": 0, "2": 1 }
  },
  "C:\\Users\\Lenovo\\Desktop\\D\\it development\\RS-School\\asastra97-REACT2025Q1\\src\\components\\CardList\\CardList.tsx": {
    "path": "C:\\Users\\Lenovo\\Desktop\\D\\it development\\RS-School\\asastra97-REACT2025Q1\\src\\components\\CardList\\CardList.tsx",
    "all": false,
    "statementMap": {
      "2": {
        "start": { "line": 3, "column": 0 },
        "end": { "line": 3, "column": 59 }
      },
      "9": {
        "start": { "line": 10, "column": 0 },
        "end": { "line": 10, "column": 55 }
      },
      "10": {
        "start": { "line": 11, "column": 0 },
        "end": { "line": 11, "column": 10 }
      },
      "11": {
        "start": { "line": 12, "column": 0 },
        "end": { "line": 12, "column": 118 }
      },
      "12": {
        "start": { "line": 13, "column": 0 },
        "end": { "line": 13, "column": 28 }
      },
      "13": {
        "start": { "line": 14, "column": 0 },
        "end": { "line": 14, "column": 48 }
      },
      "14": {
        "start": { "line": 15, "column": 0 },
        "end": { "line": 15, "column": 9 }
      },
      "15": {
        "start": { "line": 16, "column": 0 },
        "end": { "line": 16, "column": 10 }
      },
      "17": {
        "start": { "line": 18, "column": 0 },
        "end": { "line": 18, "column": 2 }
      }
    },
    "s": {
      "2": 1,
      "9": 1,
      "10": 5,
      "11": 5,
      "12": 5,
      "13": 4,
      "14": 5,
      "15": 5,
      "17": 5
    },
    "branchMap": {
      "0": {
        "type": "branch",
        "line": 10,
        "loc": {
          "start": { "line": 10, "column": 24 },
          "end": { "line": 18, "column": 2 }
        },
        "locations": [
          {
            "start": { "line": 10, "column": 24 },
            "end": { "line": 18, "column": 2 }
          }
        ]
      },
      "1": {
        "type": "branch",
        "line": 13,
        "loc": {
          "start": { "line": 13, "column": 17 },
          "end": { "line": 14, "column": 48 }
        },
        "locations": [
          {
            "start": { "line": 13, "column": 17 },
            "end": { "line": 14, "column": 48 }
          }
        ]
      }
    },
    "b": { "0": [5], "1": [4] },
    "fnMap": {
      "0": {
        "name": "CardList",
        "decl": {
          "start": { "line": 10, "column": 24 },
          "end": { "line": 18, "column": 2 }
        },
        "loc": {
          "start": { "line": 10, "column": 24 },
          "end": { "line": 18, "column": 2 }
        },
        "line": 10
      }
    },
    "f": { "0": 5 }
  },
  "C:\\Users\\Lenovo\\Desktop\\D\\it development\\RS-School\\asastra97-REACT2025Q1\\src\\components\\DetailsPanel\\DetailsPanel.tsx": {
    "path": "C:\\Users\\Lenovo\\Desktop\\D\\it development\\RS-School\\asastra97-REACT2025Q1\\src\\components\\DetailsPanel\\DetailsPanel.tsx",
    "all": false,
    "statementMap": {
      "2": {
        "start": { "line": 3, "column": 0 },
        "end": { "line": 3, "column": 69 }
      },
      "4": {
        "start": { "line": 5, "column": 0 },
        "end": { "line": 5, "column": 55 }
      },
      "5": {
        "start": { "line": 6, "column": 0 },
        "end": { "line": 6, "column": 68 }
      },
      "6": {
        "start": { "line": 7, "column": 0 },
        "end": { "line": 7, "column": 50 }
      },
      "11": {
        "start": { "line": 12, "column": 0 },
        "end": { "line": 12, "column": 68 }
      },
      "12": {
        "start": { "line": 13, "column": 0 },
        "end": { "line": 13, "column": 41 }
      },
      "13": {
        "start": { "line": 14, "column": 0 },
        "end": { "line": 14, "column": 50 }
      },
      "14": {
        "start": { "line": 15, "column": 0 },
        "end": { "line": 15, "column": 60 }
      },
      "16": {
        "start": { "line": 17, "column": 0 },
        "end": { "line": 17, "column": 10 }
      },
      "17": {
        "start": { "line": 18, "column": 0 },
        "end": { "line": 18, "column": 95 }
      },
      "18": {
        "start": { "line": 19, "column": 0 },
        "end": { "line": 19, "column": 27 }
      },
      "19": {
        "start": { "line": 20, "column": 0 },
        "end": { "line": 20, "column": 19 }
      },
      "20": {
        "start": { "line": 21, "column": 0 },
        "end": { "line": 21, "column": 30 }
      },
      "21": {
        "start": { "line": 22, "column": 0 },
        "end": { "line": 22, "column": 63 }
      },
      "23": {
        "start": { "line": 24, "column": 0 },
        "end": { "line": 24, "column": 46 }
      },
      "25": {
        "start": { "line": 26, "column": 0 },
        "end": { "line": 26, "column": 10 }
      },
      "27": {
        "start": { "line": 28, "column": 0 },
        "end": { "line": 28, "column": 2 }
      }
    },
    "s": {
      "2": 1,
      "4": 1,
      "5": 1,
      "6": 1,
      "11": 1,
      "12": 8,
      "13": 8,
      "14": 8,
      "16": 8,
      "17": 8,
      "18": 8,
      "19": 3,
      "20": 5,
      "21": 2,
      "23": 3,
      "25": 8,
      "27": 8
    },
    "branchMap": {
      "0": {
        "type": "branch",
        "line": 12,
        "loc": {
          "start": { "line": 12, "column": 28 },
          "end": { "line": 28, "column": 2 }
        },
        "locations": [
          {
            "start": { "line": 12, "column": 28 },
            "end": { "line": 28, "column": 2 }
          }
        ]
      },
      "1": {
        "type": "branch",
        "line": 19,
        "loc": {
          "start": { "line": 19, "column": 7 },
          "end": { "line": 20, "column": 19 }
        },
        "locations": [
          {
            "start": { "line": 19, "column": 7 },
            "end": { "line": 20, "column": 19 }
          }
        ]
      },
      "2": {
        "type": "branch",
        "line": 20,
        "loc": {
          "start": { "line": 20, "column": 17 },
          "end": { "line": 24, "column": 46 }
        },
        "locations": [
          {
            "start": { "line": 20, "column": 17 },
            "end": { "line": 24, "column": 46 }
          }
        ]
      },
      "3": {
        "type": "branch",
        "line": 21,
        "loc": {
          "start": { "line": 21, "column": 21 },
          "end": { "line": 22, "column": 63 }
        },
        "locations": [
          {
            "start": { "line": 21, "column": 21 },
            "end": { "line": 22, "column": 63 }
          }
        ]
      },
      "4": {
        "type": "branch",
        "line": 22,
        "loc": {
          "start": { "line": 22, "column": 61 },
          "end": { "line": 24, "column": 46 }
        },
        "locations": [
          {
            "start": { "line": 22, "column": 61 },
            "end": { "line": 24, "column": 46 }
          }
        ]
      }
    },
    "b": { "0": [8], "1": [3], "2": [5], "3": [2], "4": [3] },
    "fnMap": {
      "0": {
        "name": "DetailsPanel",
        "decl": {
          "start": { "line": 12, "column": 28 },
          "end": { "line": 28, "column": 2 }
        },
        "loc": {
          "start": { "line": 12, "column": 28 },
          "end": { "line": 28, "column": 2 }
        },
        "line": 12
      }
    },
    "f": { "0": 8 }
  },
  "C:\\Users\\Lenovo\\Desktop\\D\\it development\\RS-School\\asastra97-REACT2025Q1\\src\\components\\ErrorBlock\\ErrorBlock.tsx": {
    "path": "C:\\Users\\Lenovo\\Desktop\\D\\it development\\RS-School\\asastra97-REACT2025Q1\\src\\components\\ErrorBlock\\ErrorBlock.tsx",
    "all": false,
    "statementMap": {
      "6": {
        "start": { "line": 7, "column": 0 },
        "end": { "line": 7, "column": 63 }
      },
      "7": {
        "start": { "line": 8, "column": 0 },
        "end": { "line": 8, "column": 10 }
      },
      "8": {
        "start": { "line": 9, "column": 0 },
        "end": { "line": 9, "column": 88 }
      },
      "9": {
        "start": { "line": 10, "column": 0 },
        "end": { "line": 10, "column": 73 }
      },
      "10": {
        "start": { "line": 11, "column": 0 },
        "end": { "line": 11, "column": 10 }
      },
      "12": {
        "start": { "line": 13, "column": 0 },
        "end": { "line": 13, "column": 2 }
      }
    },
    "s": { "6": 1, "7": 4, "8": 4, "9": 4, "10": 4, "12": 4 },
    "branchMap": {
      "0": {
        "type": "branch",
        "line": 7,
        "loc": {
          "start": { "line": 7, "column": 26 },
          "end": { "line": 13, "column": 2 }
        },
        "locations": [
          {
            "start": { "line": 7, "column": 26 },
            "end": { "line": 13, "column": 2 }
          }
        ]
      }
    },
    "b": { "0": [4] },
    "fnMap": {
      "0": {
        "name": "ErrorBlock",
        "decl": {
          "start": { "line": 7, "column": 26 },
          "end": { "line": 13, "column": 2 }
        },
        "loc": {
          "start": { "line": 7, "column": 26 },
          "end": { "line": 13, "column": 2 }
        },
        "line": 7
      }
    },
    "f": { "0": 4 }
  },
  "C:\\Users\\Lenovo\\Desktop\\D\\it development\\RS-School\\asastra97-REACT2025Q1\\src\\components\\ErrorBoundary\\ErrorBoundary.tsx": {
    "path": "C:\\Users\\Lenovo\\Desktop\\D\\it development\\RS-School\\asastra97-REACT2025Q1\\src\\components\\ErrorBoundary\\ErrorBoundary.tsx",
    "all": false,
    "statementMap": {
      "2": {
        "start": { "line": 3, "column": 0 },
        "end": { "line": 3, "column": 56 }
      },
      "12": {
        "start": { "line": 13, "column": 0 },
        "end": { "line": 13, "column": 45 }
      },
      "15": {
        "start": { "line": 16, "column": 0 },
        "end": { "line": 16, "column": 3 }
      },
      "16": {
        "start": { "line": 17, "column": 0 },
        "end": { "line": 17, "column": 30 }
      },
      "18": {
        "start": { "line": 19, "column": 0 },
        "end": { "line": 19, "column": 37 }
      },
      "19": {
        "start": { "line": 20, "column": 0 },
        "end": { "line": 20, "column": 30 }
      },
      "20": {
        "start": { "line": 21, "column": 0 },
        "end": { "line": 21, "column": 3 }
      },
      "22": {
        "start": { "line": 23, "column": 0 },
        "end": { "line": 23, "column": 52 }
      },
      "23": {
        "start": { "line": 24, "column": 0 },
        "end": { "line": 24, "column": 31 }
      },
      "24": {
        "start": { "line": 25, "column": 0 },
        "end": { "line": 25, "column": 3 }
      },
      "26": {
        "start": { "line": 27, "column": 0 },
        "end": { "line": 27, "column": 27 }
      },
      "27": {
        "start": { "line": 28, "column": 0 },
        "end": { "line": 28, "column": 39 }
      },
      "28": {
        "start": { "line": 29, "column": 0 },
        "end": { "line": 29, "column": 4 }
      },
      "30": {
        "start": { "line": 31, "column": 0 },
        "end": { "line": 31, "column": 12 }
      },
      "31": {
        "start": { "line": 32, "column": 0 },
        "end": { "line": 32, "column": 30 }
      },
      "32": {
        "start": { "line": 33, "column": 0 },
        "end": { "line": 33, "column": 14 }
      },
      "33": {
        "start": { "line": 34, "column": 0 },
        "end": { "line": 34, "column": 98 }
      },
      "34": {
        "start": { "line": 35, "column": 0 },
        "end": { "line": 35, "column": 64 }
      },
      "35": {
        "start": { "line": 36, "column": 0 },
        "end": { "line": 36, "column": 68 }
      },
      "36": {
        "start": { "line": 37, "column": 0 },
        "end": { "line": 37, "column": 14 }
      },
      "38": {
        "start": { "line": 39, "column": 0 },
        "end": { "line": 39, "column": 5 }
      },
      "40": {
        "start": { "line": 41, "column": 0 },
        "end": { "line": 41, "column": 31 }
      },
      "41": {
        "start": { "line": 42, "column": 0 },
        "end": { "line": 42, "column": 3 }
      },
      "42": {
        "start": { "line": 43, "column": 0 },
        "end": { "line": 43, "column": 1 }
      }
    },
    "s": {
      "2": 1,
      "12": 1,
      "15": 1,
      "16": 2,
      "18": 2,
      "19": 2,
      "20": 2,
      "22": 2,
      "23": 1,
      "24": 1,
      "26": 2,
      "27": 0,
      "28": 0,
      "30": 2,
      "31": 4,
      "32": 2,
      "33": 2,
      "34": 2,
      "35": 2,
      "36": 2,
      "38": 2,
      "40": 2,
      "41": 4,
      "42": 2
    },
    "branchMap": {
      "0": {
        "type": "branch",
        "line": 16,
        "loc": {
          "start": { "line": 16, "column": 2 },
          "end": { "line": 43, "column": 1 }
        },
        "locations": [
          {
            "start": { "line": 16, "column": 2 },
            "end": { "line": 43, "column": 1 }
          }
        ]
      },
      "1": {
        "type": "branch",
        "line": 19,
        "loc": {
          "start": { "line": 19, "column": 9 },
          "end": { "line": 21, "column": 3 }
        },
        "locations": [
          {
            "start": { "line": 19, "column": 9 },
            "end": { "line": 21, "column": 3 }
          }
        ]
      },
      "2": {
        "type": "branch",
        "line": 23,
        "loc": {
          "start": { "line": 23, "column": 2 },
          "end": { "line": 25, "column": 3 }
        },
        "locations": [
          {
            "start": { "line": 23, "column": 2 },
            "end": { "line": 25, "column": 3 }
          }
        ]
      },
      "3": {
        "type": "branch",
        "line": 31,
        "loc": {
          "start": { "line": 31, "column": 2 },
          "end": { "line": 42, "column": 3 }
        },
        "locations": [
          {
            "start": { "line": 31, "column": 2 },
            "end": { "line": 42, "column": 3 }
          }
        ]
      },
      "4": {
        "type": "branch",
        "line": 32,
        "loc": {
          "start": { "line": 32, "column": 29 },
          "end": { "line": 41, "column": 31 }
        },
        "locations": [
          {
            "start": { "line": 32, "column": 29 },
            "end": { "line": 41, "column": 31 }
          }
        ]
      }
    },
    "b": { "0": [2], "1": [2], "2": [1], "3": [4], "4": [2] },
    "fnMap": {
      "0": {
        "name": "<instance_members_initializer>",
        "decl": {
          "start": { "line": 16, "column": 2 },
          "end": { "line": 43, "column": 1 }
        },
        "loc": {
          "start": { "line": 16, "column": 2 },
          "end": { "line": 43, "column": 1 }
        },
        "line": 16
      },
      "1": {
        "name": "getDerivedStateFromError",
        "decl": {
          "start": { "line": 19, "column": 9 },
          "end": { "line": 21, "column": 3 }
        },
        "loc": {
          "start": { "line": 19, "column": 9 },
          "end": { "line": 21, "column": 3 }
        },
        "line": 19
      },
      "2": {
        "name": "componentDidCatch",
        "decl": {
          "start": { "line": 23, "column": 2 },
          "end": { "line": 25, "column": 3 }
        },
        "loc": {
          "start": { "line": 23, "column": 2 },
          "end": { "line": 25, "column": 3 }
        },
        "line": 23
      },
      "3": {
        "name": "handleHideError",
        "decl": {
          "start": { "line": 27, "column": 20 },
          "end": { "line": 29, "column": 4 }
        },
        "loc": {
          "start": { "line": 27, "column": 20 },
          "end": { "line": 29, "column": 4 }
        },
        "line": 27
      },
      "4": {
        "name": "render",
        "decl": {
          "start": { "line": 31, "column": 2 },
          "end": { "line": 42, "column": 3 }
        },
        "loc": {
          "start": { "line": 31, "column": 2 },
          "end": { "line": 42, "column": 3 }
        },
        "line": 31
      }
    },
    "f": { "0": 2, "1": 2, "2": 1, "3": 0, "4": 4 }
  },
  "C:\\Users\\Lenovo\\Desktop\\D\\it development\\RS-School\\asastra97-REACT2025Q1\\src\\components\\Flyout\\Flyout.tsx": {
    "path": "C:\\Users\\Lenovo\\Desktop\\D\\it development\\RS-School\\asastra97-REACT2025Q1\\src\\components\\Flyout\\Flyout.tsx",
    "all": false,
    "statementMap": {
      "2": {
        "start": { "line": 3, "column": 0 },
        "end": { "line": 3, "column": 31 }
      },
      "3": {
        "start": { "line": 4, "column": 0 },
        "end": { "line": 4, "column": 67 }
      },
      "4": {
        "start": { "line": 5, "column": 0 },
        "end": { "line": 5, "column": 85 }
      },
      "5": {
        "start": { "line": 6, "column": 0 },
        "end": { "line": 6, "column": 77 }
      },
      "7": {
        "start": { "line": 8, "column": 0 },
        "end": { "line": 8, "column": 29 }
      },
      "8": {
        "start": { "line": 9, "column": 0 },
        "end": { "line": 9, "column": 36 }
      },
      "9": {
        "start": { "line": 10, "column": 0 },
        "end": { "line": 10, "column": 44 }
      },
      "10": {
        "start": { "line": 11, "column": 0 },
        "end": { "line": 11, "column": 39 }
      },
      "11": {
        "start": { "line": 12, "column": 0 },
        "end": { "line": 12, "column": 4 }
      },
      "12": {
        "start": { "line": 13, "column": 0 },
        "end": { "line": 13, "column": 58 }
      },
      "14": {
        "start": { "line": 15, "column": 0 },
        "end": { "line": 15, "column": 35 }
      },
      "15": {
        "start": { "line": 16, "column": 0 },
        "end": { "line": 16, "column": 40 }
      },
      "16": {
        "start": { "line": 17, "column": 0 },
        "end": { "line": 17, "column": 4 }
      },
      "18": {
        "start": { "line": 19, "column": 0 },
        "end": { "line": 19, "column": 42 }
      },
      "19": {
        "start": { "line": 20, "column": 0 },
        "end": { "line": 20, "column": 62 }
      },
      "20": {
        "start": { "line": 21, "column": 0 },
        "end": { "line": 21, "column": 67 }
      },
      "21": {
        "start": { "line": 22, "column": 0 },
        "end": { "line": 22, "column": 67 }
      },
      "22": {
        "start": { "line": 23, "column": 0 },
        "end": { "line": 23, "column": 4 }
      },
      "24": {
        "start": { "line": 25, "column": 0 },
        "end": { "line": 25, "column": 10 }
      },
      "25": {
        "start": { "line": 26, "column": 0 },
        "end": { "line": 26, "column": 8 }
      },
      "26": {
        "start": { "line": 27, "column": 0 },
        "end": { "line": 27, "column": 18 }
      },
      "31": {
        "start": { "line": 32, "column": 0 },
        "end": { "line": 32, "column": 37 }
      },
      "32": {
        "start": { "line": 33, "column": 0 },
        "end": { "line": 33, "column": 39 }
      },
      "33": {
        "start": { "line": 34, "column": 0 },
        "end": { "line": 34, "column": 57 }
      },
      "34": {
        "start": { "line": 35, "column": 0 },
        "end": { "line": 35, "column": 7 }
      },
      "37": {
        "start": { "line": 38, "column": 0 },
        "end": { "line": 38, "column": 56 }
      },
      "38": {
        "start": { "line": 39, "column": 0 },
        "end": { "line": 39, "column": 40 }
      },
      "39": {
        "start": { "line": 40, "column": 0 },
        "end": { "line": 40, "column": 69 }
      },
      "40": {
        "start": { "line": 41, "column": 0 },
        "end": { "line": 41, "column": 39 }
      },
      "41": {
        "start": { "line": 42, "column": 0 },
        "end": { "line": 42, "column": 17 }
      },
      "43": {
        "start": { "line": 44, "column": 0 },
        "end": { "line": 44, "column": 65 }
      },
      "44": {
        "start": { "line": 45, "column": 0 },
        "end": { "line": 45, "column": 15 }
      },
      "45": {
        "start": { "line": 46, "column": 0 },
        "end": { "line": 46, "column": 45 }
      },
      "46": {
        "start": { "line": 47, "column": 0 },
        "end": { "line": 47, "column": 60 }
      },
      "48": {
        "start": { "line": 49, "column": 0 },
        "end": { "line": 49, "column": 19 }
      },
      "49": {
        "start": { "line": 50, "column": 0 },
        "end": { "line": 50, "column": 67 }
      },
      "51": {
        "start": { "line": 52, "column": 0 },
        "end": { "line": 52, "column": 19 }
      },
      "52": {
        "start": { "line": 53, "column": 0 },
        "end": { "line": 53, "column": 14 }
      },
      "53": {
        "start": { "line": 54, "column": 0 },
        "end": { "line": 54, "column": 12 }
      },
      "54": {
        "start": { "line": 55, "column": 0 },
        "end": { "line": 55, "column": 71 }
      },
      "55": {
        "start": { "line": 56, "column": 0 },
        "end": { "line": 56, "column": 10 }
      },
      "57": {
        "start": { "line": 58, "column": 0 },
        "end": { "line": 58, "column": 2 }
      }
    },
    "s": {
      "2": 1,
      "3": 1,
      "4": 1,
      "5": 1,
      "7": 1,
      "8": 10,
      "9": 10,
      "10": 10,
      "11": 10,
      "12": 10,
      "14": 10,
      "15": 1,
      "16": 1,
      "18": 10,
      "19": 1,
      "20": 1,
      "21": 1,
      "22": 1,
      "24": 10,
      "25": 10,
      "26": 10,
      "31": 10,
      "32": 3,
      "33": 7,
      "34": 10,
      "37": 10,
      "38": 10,
      "39": 10,
      "40": 10,
      "41": 10,
      "43": 10,
      "44": 10,
      "45": 10,
      "46": 10,
      "48": 10,
      "49": 10,
      "51": 10,
      "52": 10,
      "53": 10,
      "54": 10,
      "55": 10,
      "57": 10
    },
    "branchMap": {
      "0": {
        "type": "branch",
        "line": 8,
        "loc": {
          "start": { "line": 8, "column": 22 },
          "end": { "line": 58, "column": 2 }
        },
        "locations": [
          {
            "start": { "line": 8, "column": 22 },
            "end": { "line": 58, "column": 2 }
          }
        ]
      },
      "1": {
        "type": "branch",
        "line": 32,
        "loc": {
          "start": { "line": 32, "column": 36 },
          "end": { "line": 33, "column": 39 }
        },
        "locations": [
          {
            "start": { "line": 32, "column": 36 },
            "end": { "line": 33, "column": 39 }
          }
        ]
      },
      "2": {
        "type": "branch",
        "line": 33,
        "loc": {
          "start": { "line": 33, "column": 12 },
          "end": { "line": 34, "column": 57 }
        },
        "locations": [
          {
            "start": { "line": 33, "column": 12 },
            "end": { "line": 34, "column": 57 }
          }
        ]
      },
      "3": {
        "type": "branch",
        "line": 44,
        "loc": {
          "start": { "line": 44, "column": 39 },
          "end": { "line": 44, "column": 49 }
        },
        "locations": [
          {
            "start": { "line": 44, "column": 39 },
            "end": { "line": 44, "column": 49 }
          }
        ]
      },
      "4": {
        "type": "branch",
        "line": 11,
        "loc": {
          "start": { "line": 11, "column": 4 },
          "end": { "line": 11, "column": 39 }
        },
        "locations": [
          {
            "start": { "line": 11, "column": 4 },
            "end": { "line": 11, "column": 39 }
          }
        ]
      },
      "5": {
        "type": "branch",
        "line": 15,
        "loc": {
          "start": { "line": 15, "column": 28 },
          "end": { "line": 17, "column": 4 }
        },
        "locations": [
          {
            "start": { "line": 15, "column": 28 },
            "end": { "line": 17, "column": 4 }
          }
        ]
      },
      "6": {
        "type": "branch",
        "line": 19,
        "loc": {
          "start": { "line": 19, "column": 35 },
          "end": { "line": 23, "column": 4 }
        },
        "locations": [
          {
            "start": { "line": 19, "column": 35 },
            "end": { "line": 23, "column": 4 }
          }
        ]
      }
    },
    "b": {
      "0": [10],
      "1": [3],
      "2": [7],
      "3": [0],
      "4": [13],
      "5": [1],
      "6": [1]
    },
    "fnMap": {
      "0": {
        "name": "Flyout",
        "decl": {
          "start": { "line": 8, "column": 22 },
          "end": { "line": 58, "column": 2 }
        },
        "loc": {
          "start": { "line": 8, "column": 22 },
          "end": { "line": 58, "column": 2 }
        },
        "line": 8
      },
      "1": {
        "name": "handleUnselectAll",
        "decl": {
          "start": { "line": 15, "column": 28 },
          "end": { "line": 17, "column": 4 }
        },
        "loc": {
          "start": { "line": 15, "column": 28 },
          "end": { "line": 17, "column": 4 }
        },
        "line": 15
      },
      "2": {
        "name": "handleDownloadCharacters",
        "decl": {
          "start": { "line": 19, "column": 35 },
          "end": { "line": 23, "column": 4 }
        },
        "loc": {
          "start": { "line": 19, "column": 35 },
          "end": { "line": 23, "column": 4 }
        },
        "line": 19
      }
    },
    "f": { "0": 10, "1": 1, "2": 1 }
  },
  "C:\\Users\\Lenovo\\Desktop\\D\\it development\\RS-School\\asastra97-REACT2025Q1\\src\\components\\OverlayWithClose\\OverlayWithClose.tsx": {
    "path": "C:\\Users\\Lenovo\\Desktop\\D\\it development\\RS-School\\asastra97-REACT2025Q1\\src\\components\\OverlayWithClose\\OverlayWithClose.tsx",
    "all": false,
    "statementMap": {
      "2": {
        "start": { "line": 3, "column": 0 },
        "end": { "line": 3, "column": 64 }
      },
      "8": {
        "start": { "line": 9, "column": 0 },
        "end": { "line": 9, "column": 72 }
      },
      "9": {
        "start": { "line": 10, "column": 0 },
        "end": { "line": 10, "column": 40 }
      },
      "11": {
        "start": { "line": 12, "column": 0 },
        "end": { "line": 12, "column": 27 }
      },
      "13": {
        "start": { "line": 14, "column": 0 },
        "end": { "line": 14, "column": 10 }
      },
      "14": {
        "start": { "line": 15, "column": 0 },
        "end": { "line": 15, "column": 8 }
      },
      "15": {
        "start": { "line": 16, "column": 0 },
        "end": { "line": 16, "column": 25 }
      },
      "16": {
        "start": { "line": 17, "column": 0 },
        "end": { "line": 17, "column": 68 }
      },
      "17": {
        "start": { "line": 18, "column": 0 },
        "end": { "line": 18, "column": 27 }
      },
      "18": {
        "start": { "line": 19, "column": 0 },
        "end": { "line": 19, "column": 6 }
      },
      "20": {
        "start": { "line": 21, "column": 0 },
        "end": { "line": 21, "column": 2 }
      }
    },
    "s": {
      "2": 1,
      "8": 1,
      "9": 9,
      "11": 9,
      "13": 1,
      "14": 1,
      "15": 1,
      "16": 1,
      "17": 1,
      "18": 1,
      "20": 1
    },
    "branchMap": {
      "0": {
        "type": "branch",
        "line": 9,
        "loc": {
          "start": { "line": 9, "column": 32 },
          "end": { "line": 21, "column": 2 }
        },
        "locations": [
          {
            "start": { "line": 9, "column": 32 },
            "end": { "line": 21, "column": 2 }
          }
        ]
      },
      "1": {
        "type": "branch",
        "line": 12,
        "loc": {
          "start": { "line": 12, "column": 15 },
          "end": { "line": 21, "column": 2 }
        },
        "locations": [
          {
            "start": { "line": 12, "column": 15 },
            "end": { "line": 21, "column": 2 }
          }
        ]
      },
      "2": {
        "type": "branch",
        "line": 12,
        "loc": {
          "start": { "line": 12, "column": 22 },
          "end": { "line": 21, "column": 2 }
        },
        "locations": [
          {
            "start": { "line": 12, "column": 22 },
            "end": { "line": 21, "column": 2 }
          }
        ]
      }
    },
    "b": { "0": [9], "1": [8], "2": [1] },
    "fnMap": {
      "0": {
        "name": "OverlayWithClose",
        "decl": {
          "start": { "line": 9, "column": 32 },
          "end": { "line": 21, "column": 2 }
        },
        "loc": {
          "start": { "line": 9, "column": 32 },
          "end": { "line": 21, "column": 2 }
        },
        "line": 9
      }
    },
    "f": { "0": 9 }
  },
  "C:\\Users\\Lenovo\\Desktop\\D\\it development\\RS-School\\asastra97-REACT2025Q1\\src\\components\\Pagination\\Pagination.tsx": {
    "path": "C:\\Users\\Lenovo\\Desktop\\D\\it development\\RS-School\\asastra97-REACT2025Q1\\src\\components\\Pagination\\Pagination.tsx",
    "all": false,
    "statementMap": {
      "8": {
        "start": { "line": 9, "column": 0 },
        "end": { "line": 9, "column": 28 }
      },
      "9": {
        "start": { "line": 10, "column": 0 },
        "end": { "line": 10, "column": 14 }
      },
      "10": {
        "start": { "line": 11, "column": 0 },
        "end": { "line": 11, "column": 13 }
      },
      "11": {
        "start": { "line": 12, "column": 0 },
        "end": { "line": 12, "column": 15 }
      },
      "12": {
        "start": { "line": 13, "column": 0 },
        "end": { "line": 13, "column": 24 }
      },
      "13": {
        "start": { "line": 14, "column": 0 },
        "end": { "line": 14, "column": 61 }
      },
      "14": {
        "start": { "line": 15, "column": 0 },
        "end": { "line": 15, "column": 61 }
      },
      "16": {
        "start": { "line": 17, "column": 0 },
        "end": { "line": 17, "column": 10 }
      },
      "17": {
        "start": { "line": 18, "column": 0 },
        "end": { "line": 18, "column": 81 }
      },
      "18": {
        "start": { "line": 19, "column": 0 },
        "end": { "line": 19, "column": 68 }
      },
      "20": {
        "start": { "line": 21, "column": 0 },
        "end": { "line": 21, "column": 15 }
      },
      "21": {
        "start": { "line": 22, "column": 0 },
        "end": { "line": 22, "column": 42 }
      },
      "22": {
        "start": { "line": 23, "column": 0 },
        "end": { "line": 23, "column": 37 }
      },
      "23": {
        "start": { "line": 24, "column": 0 },
        "end": { "line": 24, "column": 13 }
      },
      "24": {
        "start": { "line": 25, "column": 0 },
        "end": { "line": 25, "column": 77 }
      },
      "26": {
        "start": { "line": 27, "column": 0 },
        "end": { "line": 27, "column": 15 }
      },
      "27": {
        "start": { "line": 28, "column": 0 },
        "end": { "line": 28, "column": 10 }
      },
      "29": {
        "start": { "line": 30, "column": 0 },
        "end": { "line": 30, "column": 2 }
      }
    },
    "s": {
      "8": 1,
      "9": 5,
      "10": 5,
      "11": 5,
      "12": 5,
      "13": 5,
      "14": 5,
      "16": 5,
      "17": 5,
      "18": 5,
      "20": 5,
      "21": 5,
      "22": 5,
      "23": 5,
      "24": 5,
      "26": 5,
      "27": 5,
      "29": 5
    },
    "branchMap": {
      "0": {
        "type": "branch",
        "line": 9,
        "loc": {
          "start": { "line": 9, "column": 26 },
          "end": { "line": 30, "column": 2 }
        },
        "locations": [
          {
            "start": { "line": 9, "column": 26 },
            "end": { "line": 30, "column": 2 }
          }
        ]
      },
      "1": {
        "type": "branch",
        "line": 15,
        "loc": {
          "start": { "line": 15, "column": 25 },
          "end": { "line": 15, "column": 61 }
        },
        "locations": [
          {
            "start": { "line": 15, "column": 25 },
            "end": { "line": 15, "column": 61 }
          }
        ]
      }
    },
    "b": { "0": [5], "1": [1] },
    "fnMap": {
      "0": {
        "name": "Pagination",
        "decl": {
          "start": { "line": 9, "column": 26 },
[...]
        },
        "locations": [
          {
            "start": { "line": 3, "column": 31 },
            "end": { "line": 18, "column": 2 }
          }
        ]
      },
      "1": {
        "type": "branch",
        "line": 4,
        "loc": {
          "start": { "line": 4, "column": 45 },
          "end": { "line": 9, "column": 3 }
        },
        "locations": [
          {
            "start": { "line": 4, "column": 45 },
            "end": { "line": 9, "column": 3 }
          }
        ]
      },
      "2": {
        "type": "branch",
        "line": 5,
        "loc": {
          "start": { "line": 5, "column": 39 },
          "end": { "line": 5, "column": 59 }
        },
        "locations": [
          {
            "start": { "line": 5, "column": 39 },
            "end": { "line": 5, "column": 59 }
          }
        ]
      },
      "3": {
        "type": "branch",
        "line": 8,
        "loc": {
          "start": { "line": 8, "column": 26 },
          "end": { "line": 8, "column": 46 }
        },
        "locations": [
          {
            "start": { "line": 8, "column": 26 },
            "end": { "line": 8, "column": 46 }
          }
        ]
      },
      "4": {
        "type": "branch",
        "line": 8,
        "loc": {
          "start": { "line": 8, "column": 33 },
          "end": { "line": 8, "column": 59 }
        },
        "locations": [
          {
            "start": { "line": 8, "column": 33 },
            "end": { "line": 8, "column": 59 }
          }
        ]
      },
      "5": {
        "type": "branch",
        "line": 11,
        "loc": {
          "start": { "line": 11, "column": 12 },
          "end": { "line": 15, "column": 5 }
        },
        "locations": [
          {
            "start": { "line": 11, "column": 12 },
            "end": { "line": 15, "column": 5 }
          }
        ]
      }
    },
    "b": { "0": [19], "1": [7], "2": [0], "3": [5], "4": [2], "5": [11] },
    "fnMap": {
      "0": {
        "name": "useLocalStorage",
        "decl": {
          "start": { "line": 3, "column": 31 },
          "end": { "line": 18, "column": 2 }
        },
        "loc": {
          "start": { "line": 3, "column": 31 },
          "end": { "line": 18, "column": 2 }
        },
        "line": 3
      }
    },
    "f": { "0": 19 }
  },
  "C:\\Users\\Lenovo\\Desktop\\D\\it development\\RS-School\\asastra97-REACT2025Q1\\src\\hooks\\use-route-loader.tsx": {
    "path": "C:\\Users\\Lenovo\\Desktop\\D\\it development\\RS-School\\asastra97-REACT2025Q1\\src\\hooks\\use-route-loader.tsx",
    "all": true,
    "statementMap": {
      "0": {
        "start": { "line": 1, "column": 0 },
        "end": { "line": 1, "column": 44 }
      },
      "1": {
        "start": { "line": 2, "column": 0 },
        "end": { "line": 2, "column": 40 }
      },
      "2": {
        "start": { "line": 3, "column": 0 },
        "end": { "line": 3, "column": 0 }
      },
      "3": {
        "start": { "line": 4, "column": 0 },
        "end": { "line": 4, "column": 37 }
      },
      "4": {
        "start": { "line": 5, "column": 0 },
        "end": { "line": 5, "column": 29 }
      },
      "5": {
        "start": { "line": 6, "column": 0 },
        "end": { "line": 6, "column": 64 }
      },
      "6": {
        "start": { "line": 7, "column": 0 },
        "end": { "line": 7, "column": 0 }
      },
      "7": {
        "start": { "line": 8, "column": 0 },
        "end": { "line": 8, "column": 19 }
      },
      "8": {
        "start": { "line": 9, "column": 0 },
        "end": { "line": 9, "column": 53 }
      },
      "9": {
        "start": { "line": 10, "column": 0 },
        "end": { "line": 10, "column": 58 }
      },
      "10": {
        "start": { "line": 11, "column": 0 },
        "end": { "line": 11, "column": 64 }
      },
      "11": {
        "start": { "line": 12, "column": 0 },
        "end": { "line": 12, "column": 0 }
      },
      "12": {
        "start": { "line": 13, "column": 0 },
        "end": { "line": 13, "column": 26 }
      },
      "13": {
        "start": { "line": 14, "column": 0 },
        "end": { "line": 14, "column": 33 }
      },
      "14": {
        "start": { "line": 15, "column": 0 },
        "end": { "line": 15, "column": 7 }
      },
      "15": {
        "start": { "line": 16, "column": 0 },
        "end": { "line": 16, "column": 6 }
      },
      "16": {
        "start": { "line": 17, "column": 0 },
        "end": { "line": 17, "column": 0 }
      },
      "17": {
        "start": { "line": 18, "column": 0 },
        "end": { "line": 18, "column": 45 }
      },
      "18": {
        "start": { "line": 19, "column": 0 },
        "end": { "line": 19, "column": 32 }
      },
      "19": {
        "start": { "line": 20, "column": 0 },
        "end": { "line": 20, "column": 6 }
      },
      "20": {
        "start": { "line": 21, "column": 0 },
        "end": { "line": 21, "column": 0 }
      },
      "21": {
        "start": { "line": 22, "column": 0 },
        "end": { "line": 22, "column": 65 }
      },
      "22": {
        "start": { "line": 23, "column": 0 },
        "end": { "line": 23, "column": 71 }
      },
      "23": {
        "start": { "line": 24, "column": 0 },
        "end": { "line": 24, "column": 68 }
      },
      "24": {
        "start": { "line": 25, "column": 0 },
        "end": { "line": 25, "column": 0 }
      },
      "25": {
        "start": { "line": 26, "column": 0 },
        "end": { "line": 26, "column": 18 }
      },
      "26": {
        "start": { "line": 27, "column": 0 },
        "end": { "line": 27, "column": 68 }
      },
      "27": {
        "start": { "line": 28, "column": 0 },
        "end": { "line": 28, "column": 74 }
      },
      "28": {
        "start": { "line": 29, "column": 0 },
        "end": { "line": 29, "column": 71 }
      },
      "29": {
        "start": { "line": 30, "column": 0 },
        "end": { "line": 30, "column": 6 }
      },
      "30": {
        "start": { "line": 31, "column": 0 },
        "end": { "line": 31, "column": 15 }
      },
      "31": {
        "start": { "line": 32, "column": 0 },
        "end": { "line": 32, "column": 0 }
      },
      "32": {
        "start": { "line": 33, "column": 0 },
        "end": { "line": 33, "column": 25 }
      },
      "33": {
        "start": { "line": 34, "column": 0 },
        "end": { "line": 34, "column": 2 }
      }
    },
    "s": {
      "0": 0,
      "1": 0,
      "2": 0,
      "3": 0,
      "4": 0,
      "5": 0,
      "6": 0,
      "7": 0,
      "8": 0,
      "9": 0,
      "10": 0,
      "11": 0,
      "12": 0,
      "13": 0,
      "14": 0,
      "15": 0,
      "16": 0,
      "17": 0,
      "18": 0,
      "19": 0,
      "20": 0,
      "21": 0,
      "22": 0,
      "23": 0,
      "24": 0,
      "25": 0,
      "26": 0,
      "27": 0,
      "28": 0,
      "29": 0,
      "30": 0,
      "31": 0,
      "32": 0,
      "33": 0
    },
    "branchMap": {
      "0": {
        "type": "branch",
        "line": 1,
        "loc": {
          "start": { "line": 1, "column": 0 },
          "end": { "line": 34, "column": 2 }
        },
        "locations": [
          {
            "start": { "line": 1, "column": 0 },
            "end": { "line": 34, "column": 2 }
          }
        ]
      }
    },
    "b": { "0": [0] },
    "fnMap": {
      "0": {
        "name": "(empty-report)",
        "decl": {
          "start": { "line": 1, "column": 0 },
          "end": { "line": 34, "column": 2 }
        },
        "loc": {
          "start": { "line": 1, "column": 0 },
          "end": { "line": 34, "column": 2 }
        },
        "line": 1
      }
    },
    "f": { "0": 0 }
  },
  "C:\\Users\\Lenovo\\Desktop\\D\\it development\\RS-School\\asastra97-REACT2025Q1\\src\\providers\\ReduxProvider\\index.tsx": {
    "path": "C:\\Users\\Lenovo\\Desktop\\D\\it development\\RS-School\\asastra97-REACT2025Q1\\src\\providers\\ReduxProvider\\index.tsx",
    "all": true,
    "statementMap": {
      "0": {
        "start": { "line": 1, "column": 0 },
        "end": { "line": 1, "column": 13 }
      },
      "1": {
        "start": { "line": 2, "column": 0 },
        "end": { "line": 2, "column": 0 }
      },
      "2": {
        "start": { "line": 3, "column": 0 },
        "end": { "line": 3, "column": 39 }
      },
      "3": {
        "start": { "line": 4, "column": 0 },
        "end": { "line": 4, "column": 40 }
      },
      "4": {
        "start": { "line": 5, "column": 0 },
        "end": { "line": 5, "column": 0 }
      },
      "5": {
        "start": { "line": 6, "column": 0 },
        "end": { "line": 6, "column": 26 }
      },
      "6": {
        "start": { "line": 7, "column": 0 },
        "end": { "line": 7, "column": 0 }
      },
      "7": {
        "start": { "line": 8, "column": 0 },
        "end": { "line": 8, "column": 79 }
      },
      "8": {
        "start": { "line": 9, "column": 0 },
        "end": { "line": 9, "column": 55 }
      },
      "9": {
        "start": { "line": 10, "column": 0 },
        "end": { "line": 10, "column": 2 }
      }
    },
    "s": {
      "0": 0,
      "1": 0,
      "2": 0,
      "3": 0,
      "4": 0,
      "5": 0,
      "6": 0,
      "7": 0,
      "8": 0,
      "9": 0
    },
    "branchMap": {
      "0": {
        "type": "branch",
        "line": 1,
        "loc": {
          "start": { "line": 1, "column": 0 },
          "end": { "line": 10, "column": 2 }
        },
        "locations": [
          {
            "start": { "line": 1, "column": 0 },
            "end": { "line": 10, "column": 2 }
          }
        ]
      }
    },
    "b": { "0": [0] },
    "fnMap": {
      "0": {
        "name": "(empty-report)",
        "decl": {
          "start": { "line": 1, "column": 0 },
          "end": { "line": 10, "column": 2 }
        },
        "loc": {
          "start": { "line": 1, "column": 0 },
          "end": { "line": 10, "column": 2 }
        },
        "line": 1
      }
    },
    "f": { "0": 0 }
  },
  "C:\\Users\\Lenovo\\Desktop\\D\\it development\\RS-School\\asastra97-REACT2025Q1\\src\\providers\\ThemeProvider\\ThemeContext.tsx": {
    "path": "C:\\Users\\Lenovo\\Desktop\\D\\it development\\RS-School\\asastra97-REACT2025Q1\\src\\providers\\ThemeProvider\\ThemeContext.tsx",
    "all": false,
    "statementMap": {
      "2": {
        "start": { "line": 3, "column": 0 },
        "end": { "line": 3, "column": 50 }
      },
      "9": {
        "start": { "line": 10, "column": 0 },
        "end": { "line": 10, "column": 61 }
      },
      "10": {
        "start": { "line": 11, "column": 0 },
        "end": { "line": 11, "column": 17 }
      },
      "11": {
        "start": { "line": 12, "column": 0 },
        "end": { "line": 12, "column": 24 }
      },
      "12": {
        "start": { "line": 13, "column": 0 },
        "end": { "line": 13, "column": 3 }
      },
      "14": {
        "start": { "line": 15, "column": 0 },
        "end": { "line": 15, "column": 61 }
      },
      "15": {
        "start": { "line": 16, "column": 0 },
        "end": { "line": 16, "column": 73 }
      }
    },
    "s": { "2": 1, "9": 1, "10": 1, "11": 1, "12": 1, "14": 1, "15": 1 },
    "branchMap": {
      "0": {
        "type": "branch",
        "line": 15,
        "loc": {
          "start": { "line": 15, "column": 24 },
          "end": { "line": 15, "column": 61 }
        },
        "locations": [
          {
            "start": { "line": 15, "column": 24 },
            "end": { "line": 15, "column": 61 }
          }
        ]
      },
      "1": {
        "type": "branch",
        "line": 16,
        "loc": {
          "start": { "line": 16, "column": 30 },
          "end": { "line": 16, "column": 73 }
        },
        "locations": [
          {
            "start": { "line": 16, "column": 30 },
            "end": { "line": 16, "column": 73 }
          }
        ]
      }
    },
    "b": { "0": [10], "1": [9] },
    "fnMap": {
      "0": {
        "name": "toggleTheme",
        "decl": {
          "start": { "line": 12, "column": 15 },
          "end": { "line": 12, "column": 24 }
        },
        "loc": {
          "start": { "line": 12, "column": 15 },
          "end": { "line": 12, "column": 24 }
        },
        "line": 12
      },
      "1": {
        "name": "useTheme",
        "decl": {
          "start": { "line": 15, "column": 24 },
          "end": { "line": 15, "column": 61 }
        },
        "loc": {
          "start": { "line": 15, "column": 24 },
          "end": { "line": 15, "column": 61 }
        },
        "line": 15
      },
      "2": {
        "name": "useThemeUpdate",
        "decl": {
          "start": { "line": 16, "column": 30 },
          "end": { "line": 16, "column": 73 }
        },
        "loc": {
          "start": { "line": 16, "column": 30 },
          "end": { "line": 16, "column": 73 }
        },
        "line": 16
      }
    },
    "f": { "0": 0, "1": 10, "2": 9 }
  },
  "C:\\Users\\Lenovo\\Desktop\\D\\it development\\RS-School\\asastra97-REACT2025Q1\\src\\providers\\ThemeProvider\\index.tsx": {
    "path": "C:\\Users\\Lenovo\\Desktop\\D\\it development\\RS-School\\asastra97-REACT2025Q1\\src\\providers\\ThemeProvider\\index.tsx",
    "all": false,
    "statementMap": {
      "2": {
        "start": { "line": 3, "column": 0 },
        "end": { "line": 3, "column": 63 }
      },
      "3": {
        "start": { "line": 4, "column": 0 },
        "end": { "line": 4, "column": 64 }
      },
      "4": {
        "start": { "line": 5, "column": 0 },
        "end": { "line": 5, "column": 46 }
      },
      "5": {
        "start": { "line": 6, "column": 0 },
        "end": { "line": 6, "column": 43 }
      },
      "7": {
        "start": { "line": 8, "column": 0 },
        "end": { "line": 8, "column": 67 }
      },
      "8": {
        "start": { "line": 9, "column": 0 },
        "end": { "line": 9, "column": 48 }
      },
      "9": {
        "start": { "line": 10, "column": 0 },
        "end": { "line": 10, "column": 63 }
      },
      "10": {
        "start": { "line": 11, "column": 0 },
        "end": { "line": 11, "column": 12 }
      },
      "11": {
        "start": { "line": 12, "column": 0 },
        "end": { "line": 12, "column": 11 }
      },
      "12": {
        "start": { "line": 13, "column": 0 },
        "end": { "line": 13, "column": 4 }
      },
      "14": {
        "start": { "line": 15, "column": 0 },
        "end": { "line": 15, "column": 19 }
      },
      "15": {
        "start": { "line": 16, "column": 0 },
        "end": { "line": 16, "column": 21 }
      },
      "16": {
        "start": { "line": 17, "column": 0 },
        "end": { "line": 17, "column": 9 }
      },
      "18": {
        "start": { "line": 19, "column": 0 },
        "end": { "line": 19, "column": 29 }
      },
      "19": {
        "start": { "line": 20, "column": 0 },
        "end": { "line": 20, "column": 71 }
      },
      "20": {
        "start": { "line": 21, "column": 0 },
        "end": { "line": 21, "column": 4 }
      },
      "22": {
        "start": { "line": 23, "column": 0 },
        "end": { "line": 23, "column": 17 }
      },
      "23": {
        "start": { "line": 24, "column": 0 },
        "end": { "line": 24, "column": 12 }
      },
      "24": {
        "start": { "line": 25, "column": 0 },
        "end": { "line": 25, "column": 29 }
      },
      "25": {
        "start": { "line": 26, "column": 0 },
        "end": { "line": 26, "column": 19 }
      },
      "26": {
        "start": { "line": 27, "column": 0 },
        "end": { "line": 27, "column": 12 }
      },
      "28": {
        "start": { "line": 29, "column": 0 },
        "end": { "line": 29, "column": 3 }
      },
      "30": {
        "start": { "line": 31, "column": 0 },
        "end": { "line": 31, "column": 10 }
      },
      "31": {
        "start": { "line": 32, "column": 0 },
        "end": { "line": 32, "column": 58 }
      },
      "32": {
        "start": { "line": 33, "column": 0 },
        "end": { "line": 33, "column": 45 }
      },
      "33": {
        "start": { "line": 34, "column": 0 },
        "end": { "line": 34, "column": 28 }
      },
      "35": {
        "start": { "line": 36, "column": 0 },
        "end": { "line": 36, "column": 2 }
      }
    },
    "s": {
      "2": 1,
      "3": 1,
      "4": 1,
      "5": 1,
      "7": 1,
      "8": 8,
      "9": 8,
      "10": 8,
      "11": 8,
      "12": 8,
      "14": 8,
      "15": 4,
      "16": 8,
      "18": 8,
      "19": 3,
      "20": 3,
      "22": 8,
      "23": 4,
      "24": 4,
      "25": 4,
      "26": 4,
      "28": 4,
      "30": 4,
      "31": 4,
      "32": 4,
      "33": 4,
      "35": 4
    },
    "branchMap": {
      "0": {
        "type": "branch",
        "line": 8,
        "loc": {
          "start": { "line": 8, "column": 29 },
          "end": { "line": 36, "column": 2 }
        },
        "locations": [
          {
            "start": { "line": 8, "column": 29 },
            "end": { "line": 36, "column": 2 }
          }
        ]
      },
      "1": {
        "type": "branch",
        "line": 23,
        "loc": {
          "start": { "line": 23, "column": 16 },
          "end": { "line": 36, "column": 2 }
        },
        "locations": [
          {
            "start": { "line": 23, "column": 16 },
            "end": { "line": 36, "column": 2 }
          }
        ]
      },
      "2": {
        "type": "branch",
        "line": 15,
        "loc": {
          "start": { "line": 15, "column": 12 },
          "end": { "line": 17, "column": 5 }
        },
        "locations": [
          {
            "start": { "line": 15, "column": 12 },
            "end": { "line": 17, "column": 5 }
          }
        ]
      },
      "3": {
        "type": "branch",
        "line": 19,
        "loc": {
          "start": { "line": 19, "column": 22 },
          "end": { "line": 21, "column": 4 }
        },
        "locations": [
          {
            "start": { "line": 19, "column": 22 },
            "end": { "line": 21, "column": 4 }
          }
        ]
      },
      "4": {
        "type": "branch",
        "line": 20,
        "loc": {
          "start": { "line": 20, "column": 13 },
          "end": { "line": 20, "column": 69 }
        },
        "locations": [
          {
            "start": { "line": 20, "column": 13 },
            "end": { "line": 20, "column": 69 }
          }
        ]
      },
      "5": {
        "type": "branch",
        "line": 20,
        "loc": {
          "start": { "line": 20, "column": 43 },
          "end": { "line": 20, "column": 62 }
        },
        "locations": [
          {
            "start": { "line": 20, "column": 43 },
            "end": { "line": 20, "column": 62 }
          }
        ]
      },
      "6": {
        "type": "branch",
        "line": 20,
        "loc": {
          "start": { "line": 20, "column": 52 },
          "end": { "line": 20, "column": 69 }
        },
        "locations": [
          {
            "start": { "line": 20, "column": 52 },
            "end": { "line": 20, "column": 69 }
          }
        ]
      }
    },
    "b": {
      "0": [8],
      "1": [4],
      "2": [4],
      "3": [3],
      "4": [3],
      "5": [2],
      "6": [1]
    },
    "fnMap": {
      "0": {
        "name": "ThemeProvider",
        "decl": {
          "start": { "line": 8, "column": 29 },
          "end": { "line": 36, "column": 2 }
        },
        "loc": {
          "start": { "line": 8, "column": 29 },
          "end": { "line": 36, "column": 2 }
        },
        "line": 8
      },
      "1": {
        "name": "toggleTheme",
        "decl": {
          "start": { "line": 19, "column": 22 },
          "end": { "line": 21, "column": 4 }
        },
        "loc": {
          "start": { "line": 19, "column": 22 },
          "end": { "line": 21, "column": 4 }
        },
        "line": 19
      }
    },
    "f": { "0": 8, "1": 3 }
  }
}
