{"C:\\Users\\Lenovo\\Desktop\\D\\it development\\RS-School\\asastra97-REACT2025Q1\\src\\components\\Card\\DetailedCard\\DetailedCard.tsx": {"path":"C:\\Users\\Lenovo\\Desktop\\D\\it development\\RS-School\\asastra97-REACT2025Q1\\src\\components\\Card\\DetailedCard\\DetailedCard.tsx","all":false,"statementMap":{"0":{"start":{"line":1,"column":0},"end":{"line":1,"column":31}},"2":{"start":{"line":3,"column":0},"end":{"line":3,"column":67}},"8":{"start":{"line":9,"column":0},"end":{"line":9,"column":67}},"9":{"start":{"line":10,"column":0},"end":{"line":10,"column":40}},"11":{"start":{"line":12,"column":0},"end":{"line":12,"column":10}},"12":{"start":{"line":13,"column":0},"end":{"line":13,"column":40}},"13":{"start":{"line":14,"column":0},"end":{"line":14,"column":80}},"14":{"start":{"line":15,"column":0},"end":{"line":15,"column":14}},"15":{"start":{"line":16,"column":0},"end":{"line":16,"column":39}},"16":{"start":{"line":17,"column":0},"end":{"line":17,"column":20}},"17":{"start":{"line":18,"column":0},"end":{"line":18,"column":21}},"18":{"start":{"line":19,"column":0},"end":{"line":19,"column":21}},"19":{"start":{"line":20,"column":0},"end":{"line":20,"column":10}},"20":{"start":{"line":21,"column":0},"end":{"line":21,"column":15}},"21":{"start":{"line":22,"column":0},"end":{"line":22,"column":133}},"22":{"start":{"line":23,"column":0},"end":{"line":23,"column":46}},"23":{"start":{"line":24,"column":0},"end":{"line":24,"column":16}},"24":{"start":{"line":25,"column":0},"end":{"line":25,"column":21}},"25":{"start":{"line":26,"column":0},"end":{"line":26,"column":22}},"26":{"start":{"line":27,"column":0},"end":{"line":27,"column":25}},"27":{"start":{"line":28,"column":0},"end":{"line":28,"column":67}},"28":{"start":{"line":29,"column":0},"end":{"line":29,"column":33}},"29":{"start":{"line":30,"column":0},"end":{"line":30,"column":32}},"30":{"start":{"line":31,"column":0},"end":{"line":31,"column":27}},"31":{"start":{"line":32,"column":0},"end":{"line":32,"column":12}},"32":{"start":{"line":33,"column":0},"end":{"line":33,"column":58}},"33":{"start":{"line":34,"column":0},"end":{"line":34,"column":34}},"34":{"start":{"line":35,"column":0},"end":{"line":35,"column":39}},"35":{"start":{"line":36,"column":0},"end":{"line":36,"column":46}},"36":{"start":{"line":37,"column":0},"end":{"line":37,"column":18}},"37":{"start":{"line":38,"column":0},"end":{"line":38,"column":43}},"38":{"start":{"line":39,"column":0},"end":{"line":39,"column":59}},"40":{"start":{"line":41,"column":0},"end":{"line":41,"column":21}},"41":{"start":{"line":42,"column":0},"end":{"line":42,"column":52}},"42":{"start":{"line":43,"column":0},"end":{"line":43,"column":18}},"43":{"start":{"line":44,"column":0},"end":{"line":44,"column":43}},"44":{"start":{"line":45,"column":0},"end":{"line":45,"column":80}},"45":{"start":{"line":46,"column":0},"end":{"line":46,"column":50}},"46":{"start":{"line":47,"column":0},"end":{"line":47,"column":18}},"47":{"start":{"line":48,"column":0},"end":{"line":48,"column":16}},"48":{"start":{"line":49,"column":0},"end":{"line":49,"column":14}},"49":{"start":{"line":50,"column":0},"end":{"line":50,"column":12}},"50":{"start":{"line":51,"column":0},"end":{"line":51,"column":10}},"52":{"start":{"line":53,"column":0},"end":{"line":53,"column":2}}},"s":{"0":1,"2":1,"8":1,"9":5,"11":5,"12":5,"13":5,"14":5,"15":5,"16":5,"17":5,"18":5,"19":5,"20":5,"21":5,"22":5,"23":5,"24":5,"25":5,"26":5,"27":5,"28":5,"29":5,"30":5,"31":5,"32":5,"33":5,"34":5,"35":5,"36":5,"37":5,"38":5,"40":5,"41":5,"42":5,"43":5,"44":5,"45":5,"46":5,"47":5,"48":5,"49":5,"50":5,"52":5},"branchMap":{"0":{"type":"branch","line":9,"loc":{"start":{"line":9,"column":28},"end":{"line":53,"column":2}},"locations":[{"start":{"line":9,"column":28},"end":{"line":53,"column":2}}]}},"b":{"0":[5]},"fnMap":{"0":{"name":"DetailedCard","decl":{"start":{"line":9,"column":28},"end":{"line":53,"column":2}},"loc":{"start":{"line":9,"column":28},"end":{"line":53,"column":2}},"line":9}},"f":{"0":5}}
,"C:\\Users\\Lenovo\\Desktop\\D\\it development\\RS-School\\asastra97-REACT2025Q1\\src\\components\\Card\\SearchCard\\SearchCard.tsx": {"path":"C:\\Users\\Lenovo\\Desktop\\D\\it development\\RS-School\\asastra97-REACT2025Q1\\src\\components\\Card\\SearchCard\\SearchCard.tsx","all":false,"statementMap":{"0":{"start":{"line":1,"column":0},"end":{"line":1,"column":31}},"1":{"start":{"line":2,"column":0},"end":{"line":2,"column":70}},"3":{"start":{"line":4,"column":0},"end":{"line":4,"column":40}},"4":{"start":{"line":5,"column":0},"end":{"line":5,"column":8}},"14":{"start":{"line":15,"column":0},"end":{"line":15,"column":58}},"15":{"start":{"line":16,"column":0},"end":{"line":16,"column":29}},"17":{"start":{"line":18,"column":0},"end":{"line":18,"column":44}},"19":{"start":{"line":20,"column":0},"end":{"line":20,"column":36}},"20":{"start":{"line":21,"column":0},"end":{"line":21,"column":44}},"21":{"start":{"line":22,"column":0},"end":{"line":22,"column":39}},"22":{"start":{"line":23,"column":0},"end":{"line":23,"column":4}},"23":{"start":{"line":24,"column":0},"end":{"line":24,"column":55}},"24":{"start":{"line":25,"column":0},"end":{"line":25,"column":38}},"25":{"start":{"line":26,"column":0},"end":{"line":26,"column":4}},"27":{"start":{"line":28,"column":0},"end":{"line":28,"column":71}},"28":{"start":{"line":29,"column":0},"end":{"line":29,"column":27}},"29":{"start":{"line":30,"column":0},"end":{"line":30,"column":43}},"30":{"start":{"line":31,"column":0},"end":{"line":31,"column":12}},"31":{"start":{"line":32,"column":0},"end":{"line":32,"column":44}},"32":{"start":{"line":33,"column":0},"end":{"line":33,"column":5}},"33":{"start":{"line":34,"column":0},"end":{"line":34,"column":4}},"35":{"start":{"line":36,"column":0},"end":{"line":36,"column":33}},"36":{"start":{"line":37,"column":0},"end":{"line":37,"column":17}},"37":{"start":{"line":38,"column":0},"end":{"line":38,"column":48}},"38":{"start":{"line":39,"column":0},"end":{"line":39,"column":7}},"39":{"start":{"line":40,"column":0},"end":{"line":40,"column":4}},"41":{"start":{"line":42,"column":0},"end":{"line":42,"column":10}},"42":{"start":{"line":43,"column":0},"end":{"line":43,"column":56}},"43":{"start":{"line":44,"column":0},"end":{"line":44,"column":12}},"44":{"start":{"line":45,"column":0},"end":{"line":45,"column":23}},"45":{"start":{"line":46,"column":0},"end":{"line":46,"column":37}},"46":{"start":{"line":47,"column":0},"end":{"line":47,"column":40}},"47":{"start":{"line":48,"column":0},"end":{"line":48,"column":94}},"48":{"start":{"line":49,"column":0},"end":{"line":49,"column":8}},"49":{"start":{"line":50,"column":0},"end":{"line":50,"column":57}},"50":{"start":{"line":51,"column":0},"end":{"line":51,"column":62}},"51":{"start":{"line":52,"column":0},"end":{"line":52,"column":16}},"52":{"start":{"line":53,"column":0},"end":{"line":53,"column":23}},"53":{"start":{"line":54,"column":0},"end":{"line":54,"column":24}},"54":{"start":{"line":55,"column":0},"end":{"line":55,"column":93}},"55":{"start":{"line":56,"column":0},"end":{"line":56,"column":23}},"56":{"start":{"line":57,"column":0},"end":{"line":57,"column":22}},"57":{"start":{"line":58,"column":0},"end":{"line":58,"column":27}},"58":{"start":{"line":59,"column":0},"end":{"line":59,"column":12}},"59":{"start":{"line":60,"column":0},"end":{"line":60,"column":103}},"60":{"start":{"line":61,"column":0},"end":{"line":61,"column":113}},"61":{"start":{"line":62,"column":0},"end":{"line":62,"column":78}},"62":{"start":{"line":63,"column":0},"end":{"line":63,"column":80}},"63":{"start":{"line":64,"column":0},"end":{"line":64,"column":16}},"64":{"start":{"line":65,"column":0},"end":{"line":65,"column":14}},"65":{"start":{"line":66,"column":0},"end":{"line":66,"column":15}},"66":{"start":{"line":67,"column":0},"end":{"line":67,"column":10}},"68":{"start":{"line":69,"column":0},"end":{"line":69,"column":2}}},"s":{"0":1,"1":1,"3":1,"4":1,"14":1,"15":25,"17":25,"19":25,"20":25,"21":25,"22":25,"23":25,"24":25,"25":25,"27":25,"28":0,"29":0,"30":0,"31":0,"32":0,"33":0,"35":25,"36":1,"37":1,"38":1,"39":1,"41":25,"42":25,"43":25,"44":25,"45":25,"46":25,"47":25,"48":25,"49":25,"50":25,"51":25,"52":25,"53":25,"54":25,"55":25,"56":25,"57":25,"58":25,"59":25,"60":25,"61":25,"62":25,"63":25,"64":25,"65":25,"66":25,"68":25},"branchMap":{"0":{"type":"branch","line":15,"loc":{"start":{"line":15,"column":26},"end":{"line":69,"column":2}},"locations":[{"start":{"line":15,"column":26},"end":{"line":69,"column":2}}]},"1":{"type":"branch","line":22,"loc":{"start":{"line":22,"column":4},"end":{"line":22,"column":39}},"locations":[{"start":{"line":22,"column":4},"end":{"line":22,"column":39}}]},"2":{"type":"branch","line":25,"loc":{"start":{"line":25,"column":4},"end":{"line":25,"column":38}},"locations":[{"start":{"line":25,"column":4},"end":{"line":25,"column":38}}]},"3":{"type":"branch","line":36,"loc":{"start":{"line":36,"column":26},"end":{"line":40,"column":4}},"locations":[{"start":{"line":36,"column":26},"end":{"line":40,"column":4}}]}},"b":{"0":[25],"1":[50],"2":[1],"3":[1]},"fnMap":{"0":{"name":"SearchCard","decl":{"start":{"line":15,"column":26},"end":{"line":69,"column":2}},"loc":{"start":{"line":15,"column":26},"end":{"line":69,"column":2}},"line":15},"1":{"name":"handleSelectCharacter","decl":{"start":{"line":28,"column":32},"end":{"line":34,"column":4}},"loc":{"start":{"line":28,"column":32},"end":{"line":34,"column":4}},"line":28},"2":{"name":"handleCardClick","decl":{"start":{"line":36,"column":26},"end":{"line":40,"column":4}},"loc":{"start":{"line":36,"column":26},"end":{"line":40,"column":4}},"line":36}},"f":{"0":25,"1":0,"2":1}}
,"C:\\Users\\Lenovo\\Desktop\\D\\it development\\RS-School\\asastra97-REACT2025Q1\\src\\components\\CardList\\CardList.tsx": {"path":"C:\\Users\\Lenovo\\Desktop\\D\\it development\\RS-School\\asastra97-REACT2025Q1\\src\\components\\CardList\\CardList.tsx","all":false,"statementMap":{"0":{"start":{"line":1,"column":0},"end":{"line":1,"column":59}},"7":{"start":{"line":8,"column":0},"end":{"line":8,"column":55}},"8":{"start":{"line":9,"column":0},"end":{"line":9,"column":10}},"9":{"start":{"line":10,"column":0},"end":{"line":10,"column":118}},"10":{"start":{"line":11,"column":0},"end":{"line":11,"column":28}},"11":{"start":{"line":12,"column":0},"end":{"line":12,"column":48}},"12":{"start":{"line":13,"column":0},"end":{"line":13,"column":9}},"13":{"start":{"line":14,"column":0},"end":{"line":14,"column":10}},"15":{"start":{"line":16,"column":0},"end":{"line":16,"column":2}}},"s":{"0":1,"7":1,"8":2,"9":2,"10":2,"11":22,"12":2,"13":2,"15":2},"branchMap":{"0":{"type":"branch","line":8,"loc":{"start":{"line":8,"column":24},"end":{"line":16,"column":2}},"locations":[{"start":{"line":8,"column":24},"end":{"line":16,"column":2}}]},"1":{"type":"branch","line":11,"loc":{"start":{"line":11,"column":17},"end":{"line":12,"column":48}},"locations":[{"start":{"line":11,"column":17},"end":{"line":12,"column":48}}]}},"b":{"0":[2],"1":[22]},"fnMap":{"0":{"name":"CardList","decl":{"start":{"line":8,"column":24},"end":{"line":16,"column":2}},"loc":{"start":{"line":8,"column":24},"end":{"line":16,"column":2}},"line":8}},"f":{"0":2}}
,"C:\\Users\\Lenovo\\Desktop\\D\\it development\\RS-School\\asastra97-REACT2025Q1\\src\\components\\DetailsPanel\\DetailsPanel.tsx": {"path":"C:\\Users\\Lenovo\\Desktop\\D\\it development\\RS-School\\asastra97-REACT2025Q1\\src\\components\\DetailsPanel\\DetailsPanel.tsx","all":false,"statementMap":{"0":{"start":{"line":1,"column":0},"end":{"line":1,"column":69}},"1":{"start":{"line":2,"column":0},"end":{"line":2,"column":51}},"2":{"start":{"line":3,"column":0},"end":{"line":3,"column":55}},"3":{"start":{"line":4,"column":0},"end":{"line":4,"column":66}},"5":{"start":{"line":6,"column":0},"end":{"line":6,"column":64}},"6":{"start":{"line":7,"column":0},"end":{"line":7,"column":71}},"7":{"start":{"line":8,"column":0},"end":{"line":8,"column":21}},"8":{"start":{"line":9,"column":0},"end":{"line":9,"column":5}},"10":{"start":{"line":11,"column":0},"end":{"line":11,"column":61}},"12":{"start":{"line":13,"column":0},"end":{"line":13,"column":30}},"14":{"start":{"line":15,"column":0},"end":{"line":15,"column":10}},"15":{"start":{"line":16,"column":0},"end":{"line":16,"column":90}},"16":{"start":{"line":17,"column":0},"end":{"line":17,"column":21}},"17":{"start":{"line":18,"column":0},"end":{"line":18,"column":19}},"18":{"start":{"line":19,"column":0},"end":{"line":19,"column":19}},"19":{"start":{"line":20,"column":0},"end":{"line":20,"column":53}},"20":{"start":{"line":21,"column":0},"end":{"line":21,"column":18}},"21":{"start":{"line":22,"column":0},"end":{"line":22,"column":41}},"22":{"start":{"line":23,"column":0},"end":{"line":23,"column":15}},"23":{"start":{"line":24,"column":0},"end":{"line":24,"column":10}},"25":{"start":{"line":26,"column":0},"end":{"line":26,"column":2}},"27":{"start":{"line":28,"column":0},"end":{"line":28,"column":28}}},"s":{"0":1,"1":1,"2":1,"3":1,"5":1,"6":7,"7":7,"8":7,"10":7,"12":7,"14":7,"15":7,"16":7,"17":3,"18":4,"19":0,"20":4,"21":3,"22":1,"23":7,"25":7,"27":1},"branchMap":{"0":{"type":"branch","line":6,"loc":{"start":{"line":6,"column":21},"end":{"line":26,"column":2}},"locations":[{"start":{"line":6,"column":21},"end":{"line":26,"column":2}}]},"1":{"type":"branch","line":13,"loc":{"start":{"line":13,"column":18},"end":{"line":13,"column":30}},"locations":[{"start":{"line":13,"column":18},"end":{"line":13,"column":30}}]},"2":{"type":"branch","line":17,"loc":{"start":{"line":17,"column":7},"end":{"line":18,"column":19}},"locations":[{"start":{"line":17,"column":7},"end":{"line":18,"column":19}}]},"3":{"type":"branch","line":18,"loc":{"start":{"line":18,"column":17},"end":{"line":23,"column":15}},"locations":[{"start":{"line":18,"column":17},"end":{"line":23,"column":15}}]},"4":{"type":"branch","line":19,"loc":{"start":{"line":19,"column":10},"end":{"line":20,"column":53}},"locations":[{"start":{"line":19,"column":10},"end":{"line":20,"column":53}}]},"5":{"type":"branch","line":21,"loc":{"start":{"line":21,"column":10},"end":{"line":22,"column":41}},"locations":[{"start":{"line":21,"column":10},"end":{"line":22,"column":41}}]},"6":{"type":"branch","line":22,"loc":{"start":{"line":22,"column":39},"end":{"line":23,"column":15}},"locations":[{"start":{"line":22,"column":39},"end":{"line":23,"column":15}}]}},"b":{"0":[7],"1":[0],"2":[3],"3":[4],"4":[0],"5":[3],"6":[1]},"fnMap":{"0":{"name":"DetailsPanel","decl":{"start":{"line":6,"column":21},"end":{"line":26,"column":2}},"loc":{"start":{"line":6,"column":21},"end":{"line":26,"column":2}},"line":6}},"f":{"0":7}}
,"C:\\Users\\Lenovo\\Desktop\\D\\it development\\RS-School\\asastra97-REACT2025Q1\\src\\components\\ErrorBlock\\ErrorBlock.tsx": {"path":"C:\\Users\\Lenovo\\Desktop\\D\\it development\\RS-School\\asastra97-REACT2025Q1\\src\\components\\ErrorBlock\\ErrorBlock.tsx","all":false,"statementMap":{"4":{"start":{"line":5,"column":0},"end":{"line":5,"column":63}},"5":{"start":{"line":6,"column":0},"end":{"line":6,"column":10}},"6":{"start":{"line":7,"column":0},"end":{"line":7,"column":88}},"7":{"start":{"line":8,"column":0},"end":{"line":8,"column":73}},"8":{"start":{"line":9,"column":0},"end":{"line":9,"column":10}},"10":{"start":{"line":11,"column":0},"end":{"line":11,"column":2}}},"s":{"4":1,"5":1,"6":1,"7":1,"8":1,"10":1},"branchMap":{"0":{"type":"branch","line":5,"loc":{"start":{"line":5,"column":26},"end":{"line":11,"column":2}},"locations":[{"start":{"line":5,"column":26},"end":{"line":11,"column":2}}]}},"b":{"0":[1]},"fnMap":{"0":{"name":"ErrorBlock","decl":{"start":{"line":5,"column":26},"end":{"line":11,"column":2}},"loc":{"start":{"line":5,"column":26},"end":{"line":11,"column":2}},"line":5}},"f":{"0":1}}
,"C:\\Users\\Lenovo\\Desktop\\D\\it development\\RS-School\\asastra97-REACT2025Q1\\src\\components\\ErrorBoundary\\ErrorBoundary.tsx": {"path":"C:\\Users\\Lenovo\\Desktop\\D\\it development\\RS-School\\asastra97-REACT2025Q1\\src\\components\\ErrorBoundary\\ErrorBoundary.tsx","all":false,"statementMap":{"0":{"start":{"line":1,"column":0},"end":{"line":1,"column":56}},"10":{"start":{"line":11,"column":0},"end":{"line":11,"column":45}},"13":{"start":{"line":14,"column":0},"end":{"line":14,"column":3}},"14":{"start":{"line":15,"column":0},"end":{"line":15,"column":30}},"16":{"start":{"line":17,"column":0},"end":{"line":17,"column":37}},"17":{"start":{"line":18,"column":0},"end":{"line":18,"column":30}},"18":{"start":{"line":19,"column":0},"end":{"line":19,"column":3}},"20":{"start":{"line":21,"column":0},"end":{"line":21,"column":52}},"21":{"start":{"line":22,"column":0},"end":{"line":22,"column":31}},"22":{"start":{"line":23,"column":0},"end":{"line":23,"column":3}},"24":{"start":{"line":25,"column":0},"end":{"line":25,"column":27}},"25":{"start":{"line":26,"column":0},"end":{"line":26,"column":39}},"26":{"start":{"line":27,"column":0},"end":{"line":27,"column":4}},"28":{"start":{"line":29,"column":0},"end":{"line":29,"column":12}},"29":{"start":{"line":30,"column":0},"end":{"line":30,"column":30}},"30":{"start":{"line":31,"column":0},"end":{"line":31,"column":14}},"31":{"start":{"line":32,"column":0},"end":{"line":32,"column":98}},"32":{"start":{"line":33,"column":0},"end":{"line":33,"column":64}},"33":{"start":{"line":34,"column":0},"end":{"line":34,"column":68}},"34":{"start":{"line":35,"column":0},"end":{"line":35,"column":14}},"36":{"start":{"line":37,"column":0},"end":{"line":37,"column":5}},"38":{"start":{"line":39,"column":0},"end":{"line":39,"column":31}},"39":{"start":{"line":40,"column":0},"end":{"line":40,"column":3}},"40":{"start":{"line":41,"column":0},"end":{"line":41,"column":1}}},"s":{"0":1,"10":1,"13":1,"14":2,"16":2,"17":2,"18":2,"20":2,"21":1,"22":1,"24":2,"25":0,"26":0,"28":2,"29":4,"30":2,"31":2,"32":2,"33":2,"34":2,"36":2,"38":2,"39":4,"40":2},"branchMap":{"0":{"type":"branch","line":14,"loc":{"start":{"line":14,"column":2},"end":{"line":41,"column":1}},"locations":[{"start":{"line":14,"column":2},"end":{"line":41,"column":1}}]},"1":{"type":"branch","line":17,"loc":{"start":{"line":17,"column":9},"end":{"line":19,"column":3}},"locations":[{"start":{"line":17,"column":9},"end":{"line":19,"column":3}}]},"2":{"type":"branch","line":21,"loc":{"start":{"line":21,"column":2},"end":{"line":23,"column":3}},"locations":[{"start":{"line":21,"column":2},"end":{"line":23,"column":3}}]},"3":{"type":"branch","line":29,"loc":{"start":{"line":29,"column":2},"end":{"line":40,"column":3}},"locations":[{"start":{"line":29,"column":2},"end":{"line":40,"column":3}}]},"4":{"type":"branch","line":30,"loc":{"start":{"line":30,"column":29},"end":{"line":39,"column":31}},"locations":[{"start":{"line":30,"column":29},"end":{"line":39,"column":31}}]}},"b":{"0":[2],"1":[2],"2":[1],"3":[4],"4":[2]},"fnMap":{"0":{"name":"<instance_members_initializer>","decl":{"start":{"line":14,"column":2},"end":{"line":41,"column":1}},"loc":{"start":{"line":14,"column":2},"end":{"line":41,"column":1}},"line":14},"1":{"name":"getDerivedStateFromError","decl":{"start":{"line":17,"column":9},"end":{"line":19,"column":3}},"loc":{"start":{"line":17,"column":9},"end":{"line":19,"column":3}},"line":17},"2":{"name":"componentDidCatch","decl":{"start":{"line":21,"column":2},"end":{"line":23,"column":3}},"loc":{"start":{"line":21,"column":2},"end":{"line":23,"column":3}},"line":21},"3":{"name":"handleHideError","decl":{"start":{"line":25,"column":20},"end":{"line":27,"column":4}},"loc":{"start":{"line":25,"column":20},"end":{"line":27,"column":4}},"line":25},"4":{"name":"render","decl":{"start":{"line":29,"column":2},"end":{"line":40,"column":3}},"loc":{"start":{"line":29,"column":2},"end":{"line":40,"column":3}},"line":29}},"f":{"0":2,"1":2,"2":1,"3":0,"4":4}}
,"C:\\Users\\Lenovo\\Desktop\\D\\it development\\RS-School\\asastra97-REACT2025Q1\\src\\components\\Flyout\\Flyout.tsx": {"path":"C:\\Users\\Lenovo\\Desktop\\D\\it development\\RS-School\\asastra97-REACT2025Q1\\src\\components\\Flyout\\Flyout.tsx","all":false,"statementMap":{"0":{"start":{"line":1,"column":0},"end":{"line":1,"column":31}},"1":{"start":{"line":2,"column":0},"end":{"line":2,"column":67}},"2":{"start":{"line":3,"column":0},"end":{"line":3,"column":85}},"3":{"start":{"line":4,"column":0},"end":{"line":4,"column":77}},"5":{"start":{"line":6,"column":0},"end":{"line":6,"column":29}},"6":{"start":{"line":7,"column":0},"end":{"line":7,"column":36}},"7":{"start":{"line":8,"column":0},"end":{"line":8,"column":44}},"8":{"start":{"line":9,"column":0},"end":{"line":9,"column":39}},"9":{"start":{"line":10,"column":0},"end":{"line":10,"column":4}},"10":{"start":{"line":11,"column":0},"end":{"line":11,"column":58}},"12":{"start":{"line":13,"column":0},"end":{"line":13,"column":35}},"13":{"start":{"line":14,"column":0},"end":{"line":14,"column":40}},"14":{"start":{"line":15,"column":0},"end":{"line":15,"column":4}},"16":{"start":{"line":17,"column":0},"end":{"line":17,"column":42}},"17":{"start":{"line":18,"column":0},"end":{"line":18,"column":62}},"18":{"start":{"line":19,"column":0},"end":{"line":19,"column":67}},"19":{"start":{"line":20,"column":0},"end":{"line":20,"column":67}},"20":{"start":{"line":21,"column":0},"end":{"line":21,"column":4}},"22":{"start":{"line":23,"column":0},"end":{"line":23,"column":10}},"23":{"start":{"line":24,"column":0},"end":{"line":24,"column":8}},"24":{"start":{"line":25,"column":0},"end":{"line":25,"column":18}},"29":{"start":{"line":30,"column":0},"end":{"line":30,"column":37}},"30":{"start":{"line":31,"column":0},"end":{"line":31,"column":39}},"31":{"start":{"line":32,"column":0},"end":{"line":32,"column":57}},"32":{"start":{"line":33,"column":0},"end":{"line":33,"column":7}},"35":{"start":{"line":36,"column":0},"end":{"line":36,"column":56}},"36":{"start":{"line":37,"column":0},"end":{"line":37,"column":40}},"37":{"start":{"line":38,"column":0},"end":{"line":38,"column":69}},"38":{"start":{"line":39,"column":0},"end":{"line":39,"column":39}},"39":{"start":{"line":40,"column":0},"end":{"line":40,"column":17}},"41":{"start":{"line":42,"column":0},"end":{"line":42,"column":65}},"42":{"start":{"line":43,"column":0},"end":{"line":43,"column":15}},"43":{"start":{"line":44,"column":0},"end":{"line":44,"column":45}},"44":{"start":{"line":45,"column":0},"end":{"line":45,"column":60}},"46":{"start":{"line":47,"column":0},"end":{"line":47,"column":19}},"47":{"start":{"line":48,"column":0},"end":{"line":48,"column":67}},"49":{"start":{"line":50,"column":0},"end":{"line":50,"column":19}},"50":{"start":{"line":51,"column":0},"end":{"line":51,"column":14}},"51":{"start":{"line":52,"column":0},"end":{"line":52,"column":12}},"52":{"start":{"line":53,"column":0},"end":{"line":53,"column":71}},"53":{"start":{"line":54,"column":0},"end":{"line":54,"column":10}},"55":{"start":{"line":56,"column":0},"end":{"line":56,"column":2}}},"s":{"0":1,"1":1,"2":1,"3":1,"5":1,"6":13,"7":13,"8":13,"9":13,"10":13,"12":13,"13":1,"14":1,"16":13,"17":1,"18":1,"19":1,"20":1,"22":13,"23":13,"24":13,"29":13,"30":3,"31":10,"32":13,"35":13,"36":13,"37":13,"38":13,"39":13,"41":13,"42":13,"43":13,"44":13,"46":13,"47":13,"49":13,"50":13,"51":13,"52":13,"53":13,"55":13},"branchMap":{"0":{"type":"branch","line":6,"loc":{"start":{"line":6,"column":22},"end":{"line":56,"column":2}},"locations":[{"start":{"line":6,"column":22},"end":{"line":56,"column":2}}]},"1":{"type":"branch","line":30,"loc":{"start":{"line":30,"column":36},"end":{"line":31,"column":39}},"locations":[{"start":{"line":30,"column":36},"end":{"line":31,"column":39}}]},"2":{"type":"branch","line":31,"loc":{"start":{"line":31,"column":12},"end":{"line":32,"column":57}},"locations":[{"start":{"line":31,"column":12},"end":{"line":32,"column":57}}]},"3":{"type":"branch","line":42,"loc":{"start":{"line":42,"column":39},"end":{"line":42,"column":49}},"locations":[{"start":{"line":42,"column":39},"end":{"line":42,"column":49}}]},"4":{"type":"branch","line":9,"loc":{"start":{"line":9,"column":4},"end":{"line":9,"column":39}},"locations":[{"start":{"line":9,"column":4},"end":{"line":9,"column":39}}]},"5":{"type":"branch","line":13,"loc":{"start":{"line":13,"column":28},"end":{"line":15,"column":4}},"locations":[{"start":{"line":13,"column":28},"end":{"line":15,"column":4}}]},"6":{"type":"branch","line":17,"loc":{"start":{"line":17,"column":35},"end":{"line":21,"column":4}},"locations":[{"start":{"line":17,"column":35},"end":{"line":21,"column":4}}]}},"b":{"0":[13],"1":[3],"2":[10],"3":[0],"4":[18],"5":[1],"6":[1]},"fnMap":{"0":{"name":"Flyout","decl":{"start":{"line":6,"column":22},"end":{"line":56,"column":2}},"loc":{"start":{"line":6,"column":22},"end":{"line":56,"column":2}},"line":6},"1":{"name":"handleUnselectAll","decl":{"start":{"line":13,"column":28},"end":{"line":15,"column":4}},"loc":{"start":{"line":13,"column":28},"end":{"line":15,"column":4}},"line":13},"2":{"name":"handleDownloadCharacters","decl":{"start":{"line":17,"column":35},"end":{"line":21,"column":4}},"loc":{"start":{"line":17,"column":35},"end":{"line":21,"column":4}},"line":17}},"f":{"0":13,"1":1,"2":1}}
,"C:\\Users\\Lenovo\\Desktop\\D\\it development\\RS-School\\asastra97-REACT2025Q1\\src\\components\\OverlayWithClose\\OverlayWithClose.tsx": {"path":"C:\\Users\\Lenovo\\Desktop\\D\\it development\\RS-School\\asastra97-REACT2025Q1\\src\\components\\OverlayWithClose\\OverlayWithClose.tsx","all":false,"statementMap":{"0":{"start":{"line":1,"column":0},"end":{"line":1,"column":64}},"6":{"start":{"line":7,"column":0},"end":{"line":7,"column":72}},"7":{"start":{"line":8,"column":0},"end":{"line":8,"column":40}},"9":{"start":{"line":10,"column":0},"end":{"line":10,"column":27}},"11":{"start":{"line":12,"column":0},"end":{"line":12,"column":10}},"12":{"start":{"line":13,"column":0},"end":{"line":13,"column":8}},"13":{"start":{"line":14,"column":0},"end":{"line":14,"column":25}},"14":{"start":{"line":15,"column":0},"end":{"line":15,"column":68}},"15":{"start":{"line":16,"column":0},"end":{"line":16,"column":27}},"16":{"start":{"line":17,"column":0},"end":{"line":17,"column":6}},"18":{"start":{"line":19,"column":0},"end":{"line":19,"column":2}}},"s":{"0":1,"6":1,"7":12,"9":12,"11":1,"12":1,"13":1,"14":1,"15":1,"16":1,"18":1},"branchMap":{"0":{"type":"branch","line":7,"loc":{"start":{"line":7,"column":32},"end":{"line":19,"column":2}},"locations":[{"start":{"line":7,"column":32},"end":{"line":19,"column":2}}]},"1":{"type":"branch","line":10,"loc":{"start":{"line":10,"column":15},"end":{"line":19,"column":2}},"locations":[{"start":{"line":10,"column":15},"end":{"line":19,"column":2}}]},"2":{"type":"branch","line":10,"loc":{"start":{"line":10,"column":22},"end":{"line":19,"column":2}},"locations":[{"start":{"line":10,"column":22},"end":{"line":19,"column":2}}]}},"b":{"0":[12],"1":[11],"2":[1]},"fnMap":{"0":{"name":"OverlayWithClose","decl":{"start":{"line":7,"column":32},"end":{"line":19,"column":2}},"loc":{"start":{"line":7,"column":32},"end":{"line":19,"column":2}},"line":7}},"f":{"0":12}}
,"C:\\Users\\Lenovo\\Desktop\\D\\it development\\RS-School\\asastra97-REACT2025Q1\\src\\components\\Pagination\\Pagination.tsx": {"path":"C:\\Users\\Lenovo\\Desktop\\D\\it development\\RS-School\\asastra97-REACT2025Q1\\src\\components\\Pagination\\Pagination.tsx","all":false,"statementMap":{"6":{"start":{"line":7,"column":0},"end":{"line":7,"column":28}},"7":{"start":{"line":8,"column":0},"end":{"line":8,"column":14}},"8":{"start":{"line":9,"column":0},"end":{"line":9,"column":13}},"9":{"start":{"line":10,"column":0},"end":{"line":10,"column":15}},"10":{"start":{"line":11,"column":0},"end":{"line":11,"column":24}},"11":{"start":{"line":12,"column":0},"end":{"line":12,"column":61}},"12":{"start":{"line":13,"column":0},"end":{"line":13,"column":61}},"14":{"start":{"line":15,"column":0},"end":{"line":15,"column":10}},"15":{"start":{"line":16,"column":0},"end":{"line":16,"column":81}},"16":{"start":{"line":17,"column":0},"end":{"line":17,"column":68}},"18":{"start":{"line":19,"column":0},"end":{"line":19,"column":15}},"19":{"start":{"line":20,"column":0},"end":{"line":20,"column":42}},"20":{"start":{"line":21,"column":0},"end":{"line":21,"column":37}},"21":{"start":{"line":22,"column":0},"end":{"line":22,"column":13}},"22":{"start":{"line":23,"column":0},"end":{"line":23,"column":77}},"24":{"start":{"line":25,"column":0},"end":{"line":25,"column":15}},"25":{"start":{"line":26,"column":0},"end":{"line":26,"column":10}},"27":{"start":{"line":28,"column":0},"end":{"line":28,"column":2}}},"s":{"6":1,"7":2,"8":2,"9":2,"10":2,"11":2,"12":2,"14":2,"15":2,"16":2,"18":2,"19":2,"20":2,"21":2,"22":2,"24":2,"25":2,"27":2},"branchMap":{"0":{"type":"branch","line":7,"loc":{"start":{"line":7,"column":26},"end":{"line":28,"column":2}},"locations":[{"start":{"line":7,"column":26},"end":{"line":28,"column":2}}]},"1":{"type":"branch","line":13,"loc":{"start":{"line":13,"column":25},"end":{"line":13,"column":61}},"locations":[{"start":{"line":13,"column":25},"end":{"line":13,"column":61}}]}},"b":{"0":[2],"1":[1]},"fnMap":{"0":{"name":"Pagination","decl":{"start":{"line":7,"column":26},"end":{"line":28,"column":2}},"loc":{"start":{"line":7,"column":26},"end":{"line":28,"column":2}},"line":7},"1":{"name":"handlePrevPage","decl":{"start":{"line":12,"column":25},"end":{"line":12,"column":61}},"loc":{"start":{"line":12,"column":25},"end":{"line":12,"column":61}},"line":12},"2":{"name":"handleNextPage","decl":{"start":{"line":13,"column":25},"end":{"line":13,"column":61}},"loc":{"start":{"line":13,"column":25},"end":{"line":13,"column":61}},"line":13}},"f":{"0":2,"1":0,"2":1}}
,"C:\\Users\\Lenovo\\Desktop\\D\\it development\\RS-School\\asastra97-REACT2025Q1\\src\\components\\Search\\Search.tsx": {"path":"C:\\Users\\Lenovo\\Desktop\\D\\it development\\RS-School\\asastra97-REACT2025Q1\\src\\components\\Search\\Search.tsx","all":false,"statementMap":{"0":{"start":{"line":1,"column":0},"end":{"line":1,"column":44}},"1":{"start":{"line":2,"column":0},"end":{"line":2,"column":64}},"8":{"start":{"line":9,"column":0},"end":{"line":9,"column":67}},"9":{"start":{"line":10,"column":0},"end":{"line":10,"column":60}},"10":{"start":{"line":11,"column":0},"end":{"line":11,"column":70}},"12":{"start":{"line":13,"column":0},"end":{"line":13,"column":19}},"13":{"start":{"line":14,"column":0},"end":{"line":14,"column":31}},"14":{"start":{"line":15,"column":0},"end":{"line":15,"column":20}},"16":{"start":{"line":17,"column":0},"end":{"line":17,"column":30}},"17":{"start":{"line":18,"column":0},"end":{"line":18,"column":43}},"18":{"start":{"line":19,"column":0},"end":{"line":19,"column":27}},"19":{"start":{"line":20,"column":0},"end":{"line":20,"column":32}},"20":{"start":{"line":21,"column":0},"end":{"line":21,"column":4}},"22":{"start":{"line":23,"column":0},"end":{"line":23,"column":10}},"23":{"start":{"line":24,"column":0},"end":{"line":24,"column":99}},"24":{"start":{"line":25,"column":0},"end":{"line":25,"column":12}},"25":{"start":{"line":26,"column":0},"end":{"line":26,"column":167}},"26":{"start":{"line":27,"column":0},"end":{"line":27,"column":21}},"27":{"start":{"line":28,"column":0},"end":{"line":28,"column":26}},"28":{"start":{"line":29,"column":0},"end":{"line":29,"column":31}},"29":{"start":{"line":30,"column":0},"end":{"line":30,"column":55}},"30":{"start":{"line":31,"column":0},"end":{"line":31,"column":8}},"31":{"start":{"line":32,"column":0},"end":{"line":32,"column":71}},"33":{"start":{"line":34,"column":0},"end":{"line":34,"column":15}},"34":{"start":{"line":35,"column":0},"end":{"line":35,"column":13}},"36":{"start":{"line":37,"column":0},"end":{"line":37,"column":2}}},"s":{"0":1,"1":1,"8":1,"9":15,"10":15,"12":15,"13":5,"14":15,"16":15,"17":1,"18":1,"19":1,"20":1,"22":15,"23":15,"24":15,"25":15,"26":15,"27":15,"28":15,"29":15,"30":15,"31":15,"33":15,"34":15,"36":15},"branchMap":{"0":{"type":"branch","line":9,"loc":{"start":{"line":9,"column":22},"end":{"line":37,"column":2}},"locations":[{"start":{"line":9,"column":22},"end":{"line":37,"column":2}}]},"1":{"type":"branch","line":13,"loc":{"start":{"line":13,"column":12},"end":{"line":15,"column":5}},"locations":[{"start":{"line":13,"column":12},"end":{"line":15,"column":5}}]},"2":{"type":"branch","line":17,"loc":{"start":{"line":17,"column":23},"end":{"line":21,"column":4}},"locations":[{"start":{"line":17,"column":23},"end":{"line":21,"column":4}}]},"3":{"type":"branch","line":30,"loc":{"start":{"line":30,"column":18},"end":{"line":30,"column":55}},"locations":[{"start":{"line":30,"column":18},"end":{"line":30,"column":55}}]}},"b":{"0":[15],"1":[5],"2":[1],"3":[1]},"fnMap":{"0":{"name":"Search","decl":{"start":{"line":9,"column":22},"end":{"line":37,"column":2}},"loc":{"start":{"line":9,"column":22},"end":{"line":37,"column":2}},"line":9},"1":{"name":"handleSearch","decl":{"start":{"line":17,"column":23},"end":{"line":21,"column":4}},"loc":{"start":{"line":17,"column":23},"end":{"line":21,"column":4}},"line":17},"2":{"name":"onChange","decl":{"start":{"line":30,"column":18},"end":{"line":30,"column":55}},"loc":{"start":{"line":30,"column":18},"end":{"line":30,"column":55}},"line":30}},"f":{"0":15,"1":1,"2":1}}
,"C:\\Users\\Lenovo\\Desktop\\D\\it development\\RS-School\\asastra97-REACT2025Q1\\src\\components\\Spinner\\Spinner.tsx": {"path":"C:\\Users\\Lenovo\\Desktop\\D\\it development\\RS-School\\asastra97-REACT2025Q1\\src\\components\\Spinner\\Spinner.tsx","all":false,"statementMap":{"0":{"start":{"line":1,"column":0},"end":{"line":1,"column":31}},"2":{"start":{"line":3,"column":0},"end":{"line":3,"column":30}},"3":{"start":{"line":4,"column":0},"end":{"line":4,"column":10}},"4":{"start":{"line":5,"column":0},"end":{"line":5,"column":8}},"5":{"start":{"line":6,"column":0},"end":{"line":6,"column":27}},"6":{"start":{"line":7,"column":0},"end":{"line":7,"column":88}},"8":{"start":{"line":9,"column":0},"end":{"line":9,"column":12}},"9":{"start":{"line":10,"column":0},"end":{"line":10,"column":19}},"10":{"start":{"line":11,"column":0},"end":{"line":11,"column":20}},"11":{"start":{"line":12,"column":0},"end":{"line":12,"column":39}},"12":{"start":{"line":13,"column":0},"end":{"line":13,"column":21}},"13":{"start":{"line":14,"column":0},"end":{"line":14,"column":8}},"14":{"start":{"line":15,"column":0},"end":{"line":15,"column":10}},"16":{"start":{"line":17,"column":0},"end":{"line":17,"column":2}}},"s":{"0":1,"2":1,"3":15,"4":15,"5":15,"6":15,"8":15,"9":15,"10":15,"11":15,"12":15,"13":15,"14":15,"16":15},"branchMap":{"0":{"type":"branch","line":3,"loc":{"start":{"line":3,"column":23},"end":{"line":17,"column":2}},"locations":[{"start":{"line":3,"column":23},"end":{"line":17,"column":2}}]}},"b":{"0":[15]},"fnMap":{"0":{"name":"Spinner","decl":{"start":{"line":3,"column":23},"end":{"line":17,"column":2}},"loc":{"start":{"line":3,"column":23},"end":{"line":17,"column":2}},"line":3}},"f":{"0":15}}
,"C:\\Users\\Lenovo\\Desktop\\D\\it development\\RS-School\\asastra97-REACT2025Q1\\src\\components\\ThemeSwitcher\\ThemeSwitcher.tsx": {"path":"C:\\Users\\Lenovo\\Desktop\\D\\it development\\RS-School\\asastra97-REACT2025Q1\\src\\components\\ThemeSwitcher\\ThemeSwitcher.tsx","all":false,"statementMap":{"0":{"start":{"line":1,"column":0},"end":{"line":1,"column":8}},"5":{"start":{"line":6,"column":0},"end":{"line":6,"column":36}},"6":{"start":{"line":7,"column":0},"end":{"line":7,"column":27}},"7":{"start":{"line":8,"column":0},"end":{"line":8,"column":45}},"9":{"start":{"line":10,"column":0},"end":{"line":10,"column":10}},"10":{"start":{"line":11,"column":0},"end":{"line":11,"column":30}},"11":{"start":{"line":12,"column":0},"end":{"line":12,"column":12}},"12":{"start":{"line":13,"column":0},"end":{"line":13,"column":23}},"13":{"start":{"line":14,"column":0},"end":{"line":14,"column":34}},"14":{"start":{"line":15,"column":0},"end":{"line":15,"column":36}},"15":{"start":{"line":16,"column":0},"end":{"line":16,"column":8}},"16":{"start":{"line":17,"column":0},"end":{"line":17,"column":38}},"17":{"start":{"line":18,"column":0},"end":{"line":18,"column":12}},"19":{"start":{"line":20,"column":0},"end":{"line":20,"column":2}}},"s":{"0":1,"5":1,"6":10,"7":10,"9":10,"10":10,"11":10,"12":10,"13":10,"14":10,"15":10,"16":10,"17":10,"19":10},"branchMap":{"0":{"type":"branch","line":6,"loc":{"start":{"line":6,"column":29},"end":{"line":20,"column":2}},"locations":[{"start":{"line":6,"column":29},"end":{"line":20,"column":2}}]}},"b":{"0":[10]},"fnMap":{"0":{"name":"ThemeSwitcher","decl":{"start":{"line":6,"column":29},"end":{"line":20,"column":2}},"loc":{"start":{"line":6,"column":29},"end":{"line":20,"column":2}},"line":6}},"f":{"0":10}}
,"C:\\Users\\Lenovo\\Desktop\\D\\it development\\RS-School\\asastra97-REACT2025Q1\\src\\hooks\\use-close-details.tsx": {"path":"C:\\Users\\Lenovo\\Desktop\\D\\it development\\RS-School\\asastra97-REACT2025Q1\\src\\hooks\\use-close-details.tsx","all":false,"statementMap":{"0":{"start":{"line":1,"column":0},"end":{"line":1,"column":40}},"2":{"start":{"line":3,"column":0},"end":{"line":3,"column":38}},"3":{"start":{"line":4,"column":0},"end":{"line":4,"column":29}},"5":{"start":{"line":6,"column":0},"end":{"line":6,"column":36}},"6":{"start":{"line":7,"column":0},"end":{"line":7,"column":33}},"7":{"start":{"line":8,"column":0},"end":{"line":8,"column":47}},"8":{"start":{"line":9,"column":0},"end":{"line":9,"column":36}},"10":{"start":{"line":11,"column":0},"end":{"line":11,"column":70}},"11":{"start":{"line":12,"column":0},"end":{"line":12,"column":5}},"12":{"start":{"line":13,"column":0},"end":{"line":13,"column":4}},"14":{"start":{"line":15,"column":0},"end":{"line":15,"column":28}},"15":{"start":{"line":16,"column":0},"end":{"line":16,"column":2}}},"s":{"0":1,"2":1,"3":17,"5":17,"6":2,"7":2,"8":2,"10":2,"11":2,"12":2,"14":17,"15":17},"branchMap":{"0":{"type":"branch","line":3,"loc":{"start":{"line":3,"column":31},"end":{"line":16,"column":2}},"locations":[{"start":{"line":3,"column":31},"end":{"line":16,"column":2}}]},"1":{"type":"branch","line":6,"loc":{"start":{"line":6,"column":29},"end":{"line":13,"column":4}},"locations":[{"start":{"line":6,"column":29},"end":{"line":13,"column":4}}]}},"b":{"0":[17],"1":[2]},"fnMap":{"0":{"name":"useCloseDetails","decl":{"start":{"line":3,"column":31},"end":{"line":16,"column":2}},"loc":{"start":{"line":3,"column":31},"end":{"line":16,"column":2}},"line":3},"1":{"name":"handleCloseDetails","decl":{"start":{"line":6,"column":29},"end":{"line":13,"column":4}},"loc":{"start":{"line":6,"column":29},"end":{"line":13,"column":4}},"line":6}},"f":{"0":17,"1":2}}
,"C:\\Users\\Lenovo\\Desktop\\D\\it development\\RS-School\\asastra97-REACT2025Q1\\src\\hooks\\use-details-loader.tsx": {"path":"C:\\Users\\Lenovo\\Desktop\\D\\it development\\RS-School\\asastra97-REACT2025Q1\\src\\hooks\\use-details-loader.tsx","all":false,"statementMap":{"0":{"start":{"line":1,"column":0},"end":{"line":1,"column":40}},"1":{"start":{"line":2,"column":0},"end":{"line":2,"column":44}},"3":{"start":{"line":4,"column":0},"end":{"line":4,"column":77}},"4":{"start":{"line":5,"column":0},"end":{"line":5,"column":29}},"6":{"start":{"line":7,"column":0},"end":{"line":7,"column":54}},"7":{"start":{"line":8,"column":0},"end":{"line":8,"column":55}},"9":{"start":{"line":10,"column":0},"end":{"line":10,"column":19}},"10":{"start":{"line":11,"column":0},"end":{"line":11,"column":30}},"12":{"start":{"line":13,"column":0},"end":{"line":13,"column":51}},"13":{"start":{"line":14,"column":0},"end":{"line":14,"column":26}},"14":{"start":{"line":15,"column":0},"end":{"line":15,"column":58}},"15":{"start":{"line":16,"column":0},"end":{"line":16,"column":5}},"17":{"start":{"line":18,"column":0},"end":{"line":18,"column":18}},"18":{"start":{"line":19,"column":0},"end":{"line":19,"column":26}},"19":{"start":{"line":20,"column":0},"end":{"line":20,"column":43}},"20":{"start":{"line":21,"column":0},"end":{"line":21,"column":6}},"21":{"start":{"line":22,"column":0},"end":{"line":22,"column":43}},"23":{"start":{"line":24,"column":0},"end":{"line":24,"column":19}},"24":{"start":{"line":25,"column":0},"end":{"line":25,"column":48}},"25":{"start":{"line":26,"column":0},"end":{"line":26,"column":39}},"26":{"start":{"line":27,"column":0},"end":{"line":27,"column":29}},"27":{"start":{"line":28,"column":0},"end":{"line":28,"column":7}},"28":{"start":{"line":29,"column":0},"end":{"line":29,"column":6}},"30":{"start":{"line":31,"column":0},"end":{"line":31,"column":63}},"31":{"start":{"line":32,"column":0},"end":{"line":32,"column":77}},"32":{"start":{"line":33,"column":0},"end":{"line":33,"column":22}},"34":{"start":{"line":35,"column":0},"end":{"line":35,"column":20}},"35":{"start":{"line":36,"column":0},"end":{"line":36,"column":2}}},"s":{"0":1,"1":1,"3":1,"4":7,"6":7,"7":7,"9":7,"10":3,"12":3,"13":3,"14":3,"15":3,"17":3,"18":3,"19":3,"20":3,"21":7,"23":7,"24":2,"25":0,"26":0,"27":0,"28":0,"30":2,"31":2,"32":7,"34":7,"35":7},"branchMap":{"0":{"type":"branch","line":4,"loc":{"start":{"line":4,"column":32},"end":{"line":36,"column":2}},"locations":[{"start":{"line":4,"column":32},"end":{"line":36,"column":2}}]},"1":{"type":"branch","line":10,"loc":{"start":{"line":10,"column":12},"end":{"line":22,"column":5}},"locations":[{"start":{"line":10,"column":12},"end":{"line":22,"column":5}}]},"2":{"type":"branch","line":13,"loc":{"start":{"line":13,"column":22},"end":{"line":13,"column":50}},"locations":[{"start":{"line":13,"column":22},"end":{"line":13,"column":50}}]},"3":{"type":"branch","line":15,"loc":{"start":{"line":15,"column":25},"end":{"line":15,"column":53}},"locations":[{"start":{"line":15,"column":25},"end":{"line":15,"column":53}}]},"4":{"type":"branch","line":18,"loc":{"start":{"line":18,"column":11},"end":{"line":21,"column":6}},"locations":[{"start":{"line":18,"column":11},"end":{"line":21,"column":6}}]},"5":{"type":"branch","line":20,"loc":{"start":{"line":20,"column":22},"end":{"line":20,"column":43}},"locations":[{"start":{"line":20,"column":22},"end":{"line":20,"column":43}}]},"6":{"type":"branch","line":24,"loc":{"start":{"line":24,"column":12},"end":{"line":33,"column":5}},"locations":[{"start":{"line":24,"column":12},"end":{"line":33,"column":5}}]},"7":{"type":"branch","line":32,"loc":{"start":{"line":32,"column":11},"end":{"line":32,"column":77}},"locations":[{"start":{"line":32,"column":11},"end":{"line":32,"column":77}}]}},"b":{"0":[7],"1":[3],"2":[0],"3":[2],"4":[3],"5":[0],"6":[2],"7":[2]},"fnMap":{"0":{"name":"useDetailsLoader","decl":{"start":{"line":4,"column":32},"end":{"line":36,"column":2}},"loc":{"start":{"line":4,"column":32},"end":{"line":36,"column":2}},"line":4},"1":{"name":"handleRouteChange","decl":{"start":{"line":25,"column":30},"end":{"line":29,"column":6}},"loc":{"start":{"line":25,"column":30},"end":{"line":29,"column":6}},"line":25}},"f":{"0":7,"1":0}}
,"C:\\Users\\Lenovo\\Desktop\\D\\it development\\RS-School\\asastra97-REACT2025Q1\\src\\hooks\\use-local-storage.tsx": {"path":"C:\\Users\\Lenovo\\Desktop\\D\\it development\\RS-School\\asastra97-REACT2025Q1\\src\\hooks\\use-local-storage.tsx","all":false,"statementMap":{"0":{"start":{"line":1,"column":0},"end":{"line":1,"column":44}},"2":{"start":{"line":3,"column":0},"end":{"line":3,"column":68}},"3":{"start":{"line":4,"column":0},"end":{"line":4,"column":52}},"4":{"start":{"line":5,"column":0},"end":{"line":5,"column":59}},"6":{"start":{"line":7,"column":0},"end":{"line":7,"column":49}},"7":{"start":{"line":8,"column":0},"end":{"line":8,"column":59}},"8":{"start":{"line":9,"column":0},"end":{"line":9,"column":5}},"10":{"start":{"line":11,"column":0},"end":{"line":11,"column":19}},"11":{"start":{"line":12,"column":0},"end":{"line":12,"column":40}},"12":{"start":{"line":13,"column":0},"end":{"line":13,"column":39}},"13":{"start":{"line":14,"column":0},"end":{"line":14,"column":5}},"14":{"start":{"line":15,"column":0},"end":{"line":15,"column":19}},"16":{"start":{"line":17,"column":0},"end":{"line":17,"column":29}},"17":{"start":{"line":18,"column":0},"end":{"line":18,"column":2}}},"s":{"0":1,"2":1,"3":27,"4":7,"6":7,"7":7,"8":27,"10":27,"11":10,"12":10,"13":10,"14":27,"16":27,"17":27},"branchMap":{"0":{"type":"branch","line":3,"loc":{"start":{"line":3,"column":31},"end":{"line":18,"column":2}},"locations":[{"start":{"line":3,"column":31},"end":{"line":18,"column":2}}]},"1":{"type":"branch","line":4,"loc":{"start":{"line":4,"column":45},"end":{"line":9,"column":3}},"locations":[{"start":{"line":4,"column":45},"end":{"line":9,"column":3}}]},"2":{"type":"branch","line":5,"loc":{"start":{"line":5,"column":39},"end":{"line":5,"column":59}},"locations":[{"start":{"line":5,"column":39},"end":{"line":5,"column":59}}]},"3":{"type":"branch","line":8,"loc":{"start":{"line":8,"column":26},"end":{"line":8,"column":46}},"locations":[{"start":{"line":8,"column":26},"end":{"line":8,"column":46}}]},"4":{"type":"branch","line":8,"loc":{"start":{"line":8,"column":33},"end":{"line":8,"column":59}},"locations":[{"start":{"line":8,"column":33},"end":{"line":8,"column":59}}]},"5":{"type":"branch","line":11,"loc":{"start":{"line":11,"column":12},"end":{"line":15,"column":5}},"locations":[{"start":{"line":11,"column":12},"end":{"line":15,"column":5}}]}},"b":{"0":[27],"1":[7],"2":[0],"3":[1],"4":[6],"5":[10]},"fnMap":{"0":{"name":"useLocalStorage","decl":{"start":{"line":3,"column":31},"end":{"line":18,"column":2}},"loc":{"start":{"line":3,"column":31},"end":{"line":18,"column":2}},"line":3}},"f":{"0":27}}
,"C:\\Users\\Lenovo\\Desktop\\D\\it development\\RS-School\\asastra97-REACT2025Q1\\src\\hooks\\use-route-loader.tsx": {"path":"C:\\Users\\Lenovo\\Desktop\\D\\it development\\RS-School\\asastra97-REACT2025Q1\\src\\hooks\\use-route-loader.tsx","all":false,"statementMap":{"0":{"start":{"line":1,"column":0},"end":{"line":1,"column":44}},"1":{"start":{"line":2,"column":0},"end":{"line":2,"column":40}},"3":{"start":{"line":4,"column":0},"end":{"line":4,"column":37}},"4":{"start":{"line":5,"column":0},"end":{"line":5,"column":29}},"5":{"start":{"line":6,"column":0},"end":{"line":6,"column":64}},"7":{"start":{"line":8,"column":0},"end":{"line":8,"column":19}},"8":{"start":{"line":9,"column":0},"end":{"line":9,"column":53}},"9":{"start":{"line":10,"column":0},"end":{"line":10,"column":58}},"10":{"start":{"line":11,"column":0},"end":{"line":11,"column":64}},"12":{"start":{"line":13,"column":0},"end":{"line":13,"column":26}},"13":{"start":{"line":14,"column":0},"end":{"line":14,"column":33}},"14":{"start":{"line":15,"column":0},"end":{"line":15,"column":7}},"15":{"start":{"line":16,"column":0},"end":{"line":16,"column":6}},"17":{"start":{"line":18,"column":0},"end":{"line":18,"column":45}},"18":{"start":{"line":19,"column":0},"end":{"line":19,"column":32}},"19":{"start":{"line":20,"column":0},"end":{"line":20,"column":6}},"21":{"start":{"line":22,"column":0},"end":{"line":22,"column":65}},"22":{"start":{"line":23,"column":0},"end":{"line":23,"column":71}},"23":{"start":{"line":24,"column":0},"end":{"line":24,"column":68}},"25":{"start":{"line":26,"column":0},"end":{"line":26,"column":18}},"26":{"start":{"line":27,"column":0},"end":{"line":27,"column":68}},"27":{"start":{"line":28,"column":0},"end":{"line":28,"column":74}},"28":{"start":{"line":29,"column":0},"end":{"line":29,"column":71}},"29":{"start":{"line":30,"column":0},"end":{"line":30,"column":6}},"30":{"start":{"line":31,"column":0},"end":{"line":31,"column":15}},"32":{"start":{"line":33,"column":0},"end":{"line":33,"column":25}},"33":{"start":{"line":34,"column":0},"end":{"line":34,"column":2}}},"s":{"0":1,"1":1,"3":1,"4":11,"5":11,"7":11,"8":3,"9":0,"10":0,"12":0,"13":0,"14":0,"15":0,"17":3,"18":0,"19":0,"21":3,"22":3,"23":3,"25":3,"26":3,"27":3,"28":3,"29":3,"30":11,"32":11,"33":11},"branchMap":{"0":{"type":"branch","line":4,"loc":{"start":{"line":4,"column":30},"end":{"line":34,"column":2}},"locations":[{"start":{"line":4,"column":30},"end":{"line":34,"column":2}}]},"1":{"type":"branch","line":8,"loc":{"start":{"line":8,"column":12},"end":{"line":31,"column":5}},"locations":[{"start":{"line":8,"column":12},"end":{"line":31,"column":5}}]},"2":{"type":"branch","line":26,"loc":{"start":{"line":26,"column":11},"end":{"line":30,"column":6}},"locations":[{"start":{"line":26,"column":11},"end":{"line":30,"column":6}}]}},"b":{"0":[11],"1":[3],"2":[3]},"fnMap":{"0":{"name":"useRouteLoader","decl":{"start":{"line":4,"column":30},"end":{"line":34,"column":2}},"loc":{"start":{"line":4,"column":30},"end":{"line":34,"column":2}},"line":4},"1":{"name":"handleRouteChangeStart","decl":{"start":{"line":9,"column":35},"end":{"line":16,"column":6}},"loc":{"start":{"line":9,"column":35},"end":{"line":16,"column":6}},"line":9},"2":{"name":"handleRouteChangeComplete","decl":{"start":{"line":18,"column":38},"end":{"line":20,"column":6}},"loc":{"start":{"line":18,"column":38},"end":{"line":20,"column":6}},"line":18}},"f":{"0":11,"1":0,"2":0}}
,"C:\\Users\\Lenovo\\Desktop\\D\\it development\\RS-School\\asastra97-REACT2025Q1\\src\\pages\\404.tsx": {"path":"C:\\Users\\Lenovo\\Desktop\\D\\it development\\RS-School\\asastra97-REACT2025Q1\\src\\pages\\404.tsx","all":false,"statementMap":{"0":{"start":{"line":1,"column":0},"end":{"line":1,"column":31}},"1":{"start":{"line":2,"column":0},"end":{"line":2,"column":29}},"3":{"start":{"line":4,"column":0},"end":{"line":4,"column":23}},"4":{"start":{"line":5,"column":0},"end":{"line":5,"column":10}},"5":{"start":{"line":6,"column":0},"end":{"line":6,"column":113}},"6":{"start":{"line":7,"column":0},"end":{"line":7,"column":68}},"7":{"start":{"line":8,"column":0},"end":{"line":8,"column":48}},"9":{"start":{"line":10,"column":0},"end":{"line":10,"column":13}},"10":{"start":{"line":11,"column":0},"end":{"line":11,"column":21}},"11":{"start":{"line":12,"column":0},"end":{"line":12,"column":14}},"12":{"start":{"line":13,"column":0},"end":{"line":13,"column":21}},"13":{"start":{"line":14,"column":0},"end":{"line":14,"column":22}},"14":{"start":{"line":15,"column":0},"end":{"line":15,"column":39}},"15":{"start":{"line":16,"column":0},"end":{"line":16,"column":20}},"16":{"start":{"line":17,"column":0},"end":{"line":17,"column":10}},"17":{"start":{"line":18,"column":0},"end":{"line":18,"column":13}},"18":{"start":{"line":19,"column":0},"end":{"line":19,"column":10}},"20":{"start":{"line":21,"column":0},"end":{"line":21,"column":2}},"22":{"start":{"line":23,"column":0},"end":{"line":23,"column":23}}},"s":{"0":1,"1":1,"3":1,"4":1,"5":1,"6":1,"7":1,"9":1,"10":1,"11":1,"12":1,"13":1,"14":1,"15":1,"16":1,"17":1,"18":1,"20":1,"22":1},"branchMap":{"0":{"type":"branch","line":4,"loc":{"start":{"line":4,"column":16},"end":{"line":21,"column":2}},"locations":[{"start":{"line":4,"column":16},"end":{"line":21,"column":2}}]}},"b":{"0":[1]},"fnMap":{"0":{"name":"Page404","decl":{"start":{"line":4,"column":16},"end":{"line":21,"column":2}},"loc":{"start":{"line":4,"column":16},"end":{"line":21,"column":2}},"line":4}},"f":{"0":1}}
,"C:\\Users\\Lenovo\\Desktop\\D\\it development\\RS-School\\asastra97-REACT2025Q1\\src\\pages\\500.tsx": {"path":"C:\\Users\\Lenovo\\Desktop\\D\\it development\\RS-School\\asastra97-REACT2025Q1\\src\\pages\\500.tsx","all":false,"statementMap":{"0":{"start":{"line":1,"column":0},"end":{"line":1,"column":31}},"1":{"start":{"line":2,"column":0},"end":{"line":2,"column":29}},"3":{"start":{"line":4,"column":0},"end":{"line":4,"column":23}},"4":{"start":{"line":5,"column":0},"end":{"line":5,"column":10}},"5":{"start":{"line":6,"column":0},"end":{"line":6,"column":113}},"6":{"start":{"line":7,"column":0},"end":{"line":7,"column":68}},"7":{"start":{"line":8,"column":0},"end":{"line":8,"column":48}},"9":{"start":{"line":10,"column":0},"end":{"line":10,"column":13}},"10":{"start":{"line":11,"column":0},"end":{"line":11,"column":21}},"11":{"start":{"line":12,"column":0},"end":{"line":12,"column":14}},"12":{"start":{"line":13,"column":0},"end":{"line":13,"column":21}},"13":{"start":{"line":14,"column":0},"end":{"line":14,"column":22}},"14":{"start":{"line":15,"column":0},"end":{"line":15,"column":39}},"15":{"start":{"line":16,"column":0},"end":{"line":16,"column":20}},"16":{"start":{"line":17,"column":0},"end":{"line":17,"column":10}},"17":{"start":{"line":18,"column":0},"end":{"line":18,"column":13}},"18":{"start":{"line":19,"column":0},"end":{"line":19,"column":10}},"20":{"start":{"line":21,"column":0},"end":{"line":21,"column":2}},"22":{"start":{"line":23,"column":0},"end":{"line":23,"column":23}}},"s":{"0":1,"1":1,"3":1,"4":1,"5":1,"6":1,"7":1,"9":1,"10":1,"11":1,"12":1,"13":1,"14":1,"15":1,"16":1,"17":1,"18":1,"20":1,"22":1},"branchMap":{"0":{"type":"branch","line":4,"loc":{"start":{"line":4,"column":16},"end":{"line":21,"column":2}},"locations":[{"start":{"line":4,"column":16},"end":{"line":21,"column":2}}]}},"b":{"0":[1]},"fnMap":{"0":{"name":"Page500","decl":{"start":{"line":4,"column":16},"end":{"line":21,"column":2}},"loc":{"start":{"line":4,"column":16},"end":{"line":21,"column":2}},"line":4}},"f":{"0":1}}
,"C:\\Users\\Lenovo\\Desktop\\D\\it development\\RS-School\\asastra97-REACT2025Q1\\src\\pages\\_app.tsx": {"path":"C:\\Users\\Lenovo\\Desktop\\D\\it development\\RS-School\\asastra97-REACT2025Q1\\src\\pages\\_app.tsx","all":true,"statementMap":{"0":{"start":{"line":1,"column":0},"end":{"line":1,"column":36}},"1":{"start":{"line":2,"column":0},"end":{"line":2,"column":29}},"2":{"start":{"line":3,"column":0},"end":{"line":3,"column":39}},"3":{"start":{"line":4,"column":0},"end":{"line":4,"column":59}},"4":{"start":{"line":5,"column":0},"end":{"line":5,"column":46}},"5":{"start":{"line":6,"column":0},"end":{"line":6,"column":35}},"6":{"start":{"line":7,"column":0},"end":{"line":7,"column":31}},"7":{"start":{"line":8,"column":0},"end":{"line":8,"column":0}},"8":{"start":{"line":9,"column":0},"end":{"line":9,"column":53}},"9":{"start":{"line":10,"column":0},"end":{"line":10,"column":55}},"10":{"start":{"line":11,"column":0},"end":{"line":11,"column":0}},"11":{"start":{"line":12,"column":0},"end":{"line":12,"column":10}},"12":{"start":{"line":13,"column":0},"end":{"line":13,"column":6}},"13":{"start":{"line":14,"column":0},"end":{"line":14,"column":12}},"14":{"start":{"line":15,"column":0},"end":{"line":15,"column":68}},"15":{"start":{"line":16,"column":0},"end":{"line":16,"column":35}},"16":{"start":{"line":17,"column":0},"end":{"line":17,"column":13}},"17":{"start":{"line":18,"column":0},"end":{"line":18,"column":28}},"18":{"start":{"line":19,"column":0},"end":{"line":19,"column":101}},"19":{"start":{"line":20,"column":0},"end":{"line":20,"column":10}},"20":{"start":{"line":21,"column":0},"end":{"line":21,"column":13}},"21":{"start":{"line":22,"column":0},"end":{"line":22,"column":21}},"22":{"start":{"line":23,"column":0},"end":{"line":23,"column":23}},"23":{"start":{"line":24,"column":0},"end":{"line":24,"column":34}},"24":{"start":{"line":25,"column":0},"end":{"line":25,"column":40}},"25":{"start":{"line":26,"column":0},"end":{"line":26,"column":21}},"26":{"start":{"line":27,"column":0},"end":{"line":27,"column":24}},"27":{"start":{"line":28,"column":0},"end":{"line":28,"column":22}},"28":{"start":{"line":29,"column":0},"end":{"line":29,"column":7}},"29":{"start":{"line":30,"column":0},"end":{"line":30,"column":4}},"30":{"start":{"line":31,"column":0},"end":{"line":31,"column":2}},"31":{"start":{"line":32,"column":0},"end":{"line":32,"column":0}},"32":{"start":{"line":33,"column":0},"end":{"line":33,"column":19}}},"s":{"0":0,"1":0,"2":0,"3":0,"4":0,"5":0,"6":0,"7":0,"8":0,"9":0,"10":0,"11":0,"12":0,"13":0,"14":0,"15":0,"16":0,"17":0,"18":0,"19":0,"20":0,"21":0,"22":0,"23":0,"24":0,"25":0,"26":0,"27":0,"28":0,"29":0,"30":0,"31":0,"32":0},"branchMap":{"0":{"type":"branch","line":1,"loc":{"start":{"line":1,"column":0},"end":{"line":33,"column":19}},"locations":[{"start":{"line":1,"column":0},"end":{"line":33,"column":19}}]}},"b":{"0":[0]},"fnMap":{"0":{"name":"(empty-report)","decl":{"start":{"line":1,"column":0},"end":{"line":33,"column":19}},"loc":{"start":{"line":1,"column":0},"end":{"line":33,"column":19}},"line":1}},"f":{"0":0}}
,"C:\\Users\\Lenovo\\Desktop\\D\\it development\\RS-School\\asastra97-REACT2025Q1\\src\\pages\\index.tsx": {"path":"C:\\Users\\Lenovo\\Desktop\\D\\it development\\RS-School\\asastra97-REACT2025Q1\\src\\pages\\index.tsx","all":false,"statementMap":{"0":{"start":{"line":1,"column":0},"end":{"line":1,"column":40}},"1":{"start":{"line":2,"column":0},"end":{"line":2,"column":34}},"2":{"start":{"line":3,"column":0},"end":{"line":3,"column":61}},"3":{"start":{"line":4,"column":0},"end":{"line":4,"column":8}},"10":{"start":{"line":11,"column":0},"end":{"line":11,"column":8}},"19":{"start":{"line":20,"column":0},"end":{"line":20,"column":53}},"20":{"start":{"line":21,"column":0},"end":{"line":21,"column":52}},"21":{"start":{"line":22,"column":0},"end":{"line":22,"column":67}},"22":{"start":{"line":23,"column":0},"end":{"line":23,"column":59}},"30":{"start":{"line":31,"column":0},"end":{"line":31,"column":76}},"31":{"start":{"line":32,"column":0},"end":{"line":32,"column":29}},"32":{"start":{"line":33,"column":0},"end":{"line":33,"column":43}},"34":{"start":{"line":35,"column":0},"end":{"line":35,"column":56}},"35":{"start":{"line":36,"column":0},"end":{"line":36,"column":36}},"37":{"start":{"line":38,"column":0},"end":{"line":38,"column":19}},"38":{"start":{"line":39,"column":0},"end":{"line":39,"column":31}},"39":{"start":{"line":40,"column":0},"end":{"line":40,"column":35}},"41":{"start":{"line":42,"column":0},"end":{"line":42,"column":46}},"42":{"start":{"line":43,"column":0},"end":{"line":43,"column":41}},"43":{"start":{"line":44,"column":0},"end":{"line":44,"column":24}},"44":{"start":{"line":45,"column":0},"end":{"line":45,"column":24}},"45":{"start":{"line":46,"column":0},"end":{"line":46,"column":7}},"47":{"start":{"line":48,"column":0},"end":{"line":48,"column":36}},"48":{"start":{"line":49,"column":0},"end":{"line":49,"column":43}},"50":{"start":{"line":51,"column":0},"end":{"line":51,"column":43}},"51":{"start":{"line":52,"column":0},"end":{"line":52,"column":17}},"52":{"start":{"line":53,"column":0},"end":{"line":53,"column":51}},"53":{"start":{"line":54,"column":0},"end":{"line":54,"column":7}},"54":{"start":{"line":55,"column":0},"end":{"line":55,"column":4}},"56":{"start":{"line":57,"column":0},"end":{"line":57,"column":46}},"57":{"start":{"line":58,"column":0},"end":{"line":58,"column":17}},"58":{"start":{"line":59,"column":0},"end":{"line":59,"column":53}},"59":{"start":{"line":60,"column":0},"end":{"line":60,"column":7}},"60":{"start":{"line":61,"column":0},"end":{"line":61,"column":4}},"62":{"start":{"line":63,"column":0},"end":{"line":63,"column":10}},"63":{"start":{"line":64,"column":0},"end":{"line":64,"column":66}},"64":{"start":{"line":65,"column":0},"end":{"line":65,"column":23}},"65":{"start":{"line":66,"column":0},"end":{"line":66,"column":10}},"66":{"start":{"line":67,"column":0},"end":{"line":67,"column":109}},"68":{"start":{"line":69,"column":0},"end":{"line":69,"column":49}},"69":{"start":{"line":70,"column":0},"end":{"line":70,"column":67}},"70":{"start":{"line":71,"column":0},"end":{"line":71,"column":48}},"71":{"start":{"line":72,"column":0},"end":{"line":72,"column":60}},"72":{"start":{"line":73,"column":0},"end":{"line":73,"column":23}},"73":{"start":{"line":74,"column":0},"end":{"line":74,"column":25}},"74":{"start":{"line":75,"column":0},"end":{"line":75,"column":70}},"76":{"start":{"line":77,"column":0},"end":{"line":77,"column":14}},"77":{"start":{"line":78,"column":0},"end":{"line":78,"column":46}},"78":{"start":{"line":79,"column":0},"end":{"line":79,"column":30}},"79":{"start":{"line":80,"column":0},"end":{"line":80,"column":27}},"80":{"start":{"line":81,"column":0},"end":{"line":81,"column":43}},"81":{"start":{"line":82,"column":0},"end":{"line":82,"column":41}},"82":{"start":{"line":83,"column":0},"end":{"line":83,"column":49}},"83":{"start":{"line":84,"column":0},"end":{"line":84,"column":18}},"85":{"start":{"line":86,"column":0},"end":{"line":86,"column":15}},"87":{"start":{"line":88,"column":0},"end":{"line":88,"column":15}},"88":{"start":{"line":89,"column":0},"end":{"line":89,"column":12}},"89":{"start":{"line":90,"column":0},"end":{"line":90,"column":16}},"91":{"start":{"line":92,"column":0},"end":{"line":92,"column":21}},"92":{"start":{"line":93,"column":0},"end":{"line":93,"column":53}},"93":{"start":{"line":94,"column":0},"end":{"line":94,"column":48}},"94":{"start":{"line":95,"column":0},"end":{"line":95,"column":14}},"96":{"start":{"line":97,"column":0},"end":{"line":97,"column":10}},"98":{"start":{"line":99,"column":0},"end":{"line":99,"column":2}},"100":{"start":{"line":101,"column":0},"end":{"line":101,"column":24}},"102":{"start":{"line":103,"column":0},"end":{"line":103,"column":61}},"103":{"start":{"line":104,"column":0},"end":{"line":104,"column":33}},"104":{"start":{"line":105,"column":0},"end":{"line":105,"column":53}},"105":{"start":{"line":106,"column":0},"end":{"line":106,"column":63}},"106":{"start":{"line":107,"column":0},"end":{"line":107,"column":42}},"108":{"start":{"line":109,"column":0},"end":{"line":109,"column":25}},"109":{"start":{"line":110,"column":0},"end":{"line":110,"column":70}},"110":{"start":{"line":111,"column":0},"end":{"line":111,"column":6}},"112":{"start":{"line":113,"column":0},"end":{"line":113,"column":20}},"113":{"start":{"line":114,"column":0},"end":{"line":114,"column":72}},"114":{"start":{"line":115,"column":0},"end":{"line":115,"column":5}},"116":{"start":{"line":117,"column":0},"end":{"line":117,"column":64}},"118":{"start":{"line":119,"column":0},"end":{"line":119,"column":12}},"119":{"start":{"line":120,"column":0},"end":{"line":120,"column":14}},"120":{"start":{"line":121,"column":0},"end":{"line":121,"column":20}},"121":{"start":{"line":122,"column":0},"end":{"line":122,"column":20}},"122":{"start":{"line":123,"column":0},"end":{"line":123,"column":66}},"123":{"start":{"line":124,"column":0},"end":{"line":124,"column":8}},"124":{"start":{"line":125,"column":0},"end":{"line":125,"column":6}},"125":{"start":{"line":126,"column":0},"end":{"line":126,"column":3}},"126":{"start":{"line":127,"column":0},"end":{"line":127,"column":2}}},"s":{"0":1,"1":1,"2":1,"3":1,"10":1,"19":1,"20":1,"21":1,"22":1,"30":1,"31":11,"32":11,"34":11,"35":11,"37":11,"38":3,"39":11,"41":11,"42":11,"43":11,"44":11,"45":11,"47":11,"48":11,"50":11,"51":1,"52":1,"53":1,"54":1,"56":11,"57":0,"58":0,"59":0,"60":0,"62":11,"63":11,"64":11,"65":11,"66":11,"68":11,"69":11,"70":11,"71":11,"72":9,"73":2,"74":1,"76":1,"77":1,"78":1,"79":1,"80":1,"81":1,"82":1,"83":1,"85":1,"87":11,"88":11,"89":11,"91":11,"92":0,"93":0,"94":0,"96":11,"98":11,"100":1,"102":1,"103":1,"104":0,"105":0,"106":0,"108":0,"109":0,"110":0,"112":0,"113":0,"114":0,"116":0,"118":0,"119":0,"120":0,"121":0,"122":0,"123":0,"124":0,"125":0,"126":1},"branchMap":{"0":{"type":"branch","line":31,"loc":{"start":{"line":31,"column":17},"end":{"line":99,"column":2}},"locations":[{"start":{"line":31,"column":17},"end":{"line":99,"column":2}}]},"1":{"type":"branch","line":48,"loc":{"start":{"line":48,"column":16},"end":{"line":48,"column":33}},"locations":[{"start":{"line":48,"column":16},"end":{"line":48,"column":33}}]},"2":{"type":"branch","line":48,"loc":{"start":{"line":48,"column":22},"end":{"line":48,"column":36}},"locations":[{"start":{"line":48,"column":22},"end":{"line":48,"column":36}}]},"3":{"type":"branch","line":49,"loc":{"start":{"line":49,"column":21},"end":{"line":49,"column":32}},"locations":[{"start":{"line":49,"column":21},"end":{"line":49,"column":32}}]},"4":{"type":"branch","line":49,"loc":{"start":{"line":49,"column":32},"end":{"line":49,"column":43}},"locations":[{"start":{"line":49,"column":32},"end":{"line":49,"column":43}}]},"5":{"type":"branch","line":67,"loc":{"start":{"line":67,"column":22},"end":{"line":67,"column":77}},"locations":[{"start":{"line":67,"column":22},"end":{"line":67,"column":77}}]},"6":{"type":"branch","line":72,"loc":{"start":{"line":72,"column":11},"end":{"line":72,"column":60}},"locations":[{"start":{"line":72,"column":11},"end":{"line":72,"column":60}}]},"7":{"type":"branch","line":72,"loc":{"start":{"line":72,"column":26},"end":{"line":72,"column":60}},"locations":[{"start":{"line":72,"column":26},"end":{"line":72,"column":60}}]},"8":{"type":"branch","line":72,"loc":{"start":{"line":72,"column":46},"end":{"line":73,"column":23}},"locations":[{"start":{"line":72,"column":46},"end":{"line":73,"column":23}}]},"9":{"type":"branch","line":73,"loc":{"start":{"line":73,"column":21},"end":{"line":86,"column":15}},"locations":[{"start":{"line":73,"column":21},"end":{"line":86,"column":15}}]},"10":{"type":"branch","line":74,"loc":{"start":{"line":74,"column":14},"end":{"line":75,"column":70}},"locations":[{"start":{"line":74,"column":14},"end":{"line":75,"column":70}}]},"11":{"type":"branch","line":75,"loc":{"start":{"line":75,"column":60},"end":{"line":75,"column":68}},"locations":[{"start":{"line":75,"column":60},"end":{"line":75,"column":68}}]},"12":{"type":"branch","line":75,"loc":{"start":{"line":75,"column":68},"end":{"line":86,"column":15}},"locations":[{"start":{"line":75,"column":68},"end":{"line":86,"column":15}}]},"13":{"type":"branch","line":78,"loc":{"start":{"line":78,"column":31},"end":{"line":78,"column":44}},"locations":[{"start":{"line":78,"column":31},"end":{"line":78,"column":44}}]},"14":{"type":"branch","line":92,"loc":{"start":{"line":92,"column":7},"end":{"line":95,"column":14}},"locations":[{"start":{"line":92,"column":7},"end":{"line":95,"column":14}}]},"15":{"type":"branch","line":38,"loc":{"start":{"line":38,"column":12},"end":{"line":40,"column":5}},"locations":[{"start":{"line":38,"column":12},"end":{"line":40,"column":5}}]},"16":{"type":"branch","line":51,"loc":{"start":{"line":51,"column":23},"end":{"line":55,"column":4}},"locations":[{"start":{"line":51,"column":23},"end":{"line":55,"column":4}}]}},"b":{"0":[11],"1":[1],"2":[10],"3":[1],"4":[10],"5":[0],"6":[2],"7":[0],"8":[9],"9":[2],"10":[1],"11":[0],"12":[1],"13":[0],"14":[0],"15":[3],"16":[1]},"fnMap":{"0":{"name":"MainPage","decl":{"start":{"line":31,"column":17},"end":{"line":99,"column":2}},"loc":{"start":{"line":31,"column":17},"end":{"line":99,"column":2}},"line":31},"1":{"name":"handleSearch","decl":{"start":{"line":51,"column":23},"end":{"line":55,"column":4}},"loc":{"start":{"line":51,"column":23},"end":{"line":55,"column":4}},"line":51},"2":{"name":"handlePageChange","decl":{"start":{"line":57,"column":27},"end":{"line":61,"column":4}},"loc":{"start":{"line":57,"column":27},"end":{"line":61,"column":4}},"line":57}},"f":{"0":11,"1":1,"2":0}}
,"C:\\Users\\Lenovo\\Desktop\\D\\it development\\RS-School\\asastra97-REACT2025Q1\\src\\providers\\ThemeProvider\\ThemeContext.tsx": {"path":"C:\\Users\\Lenovo\\Desktop\\D\\it development\\RS-School\\asastra97-REACT2025Q1\\src\\providers\\ThemeProvider\\ThemeContext.tsx","all":false,"statementMap":{"0":{"start":{"line":1,"column":0},"end":{"line":1,"column":50}},"7":{"start":{"line":8,"column":0},"end":{"line":8,"column":61}},"8":{"start":{"line":9,"column":0},"end":{"line":9,"column":17}},"9":{"start":{"line":10,"column":0},"end":{"line":10,"column":24}},"10":{"start":{"line":11,"column":0},"end":{"line":11,"column":3}},"12":{"start":{"line":13,"column":0},"end":{"line":13,"column":61}},"13":{"start":{"line":14,"column":0},"end":{"line":14,"column":73}}},"s":{"0":1,"7":1,"8":1,"9":1,"10":1,"12":1,"13":1},"branchMap":{"0":{"type":"branch","line":13,"loc":{"start":{"line":13,"column":24},"end":{"line":13,"column":61}},"locations":[{"start":{"line":13,"column":24},"end":{"line":13,"column":61}}]},"1":{"type":"branch","line":14,"loc":{"start":{"line":14,"column":30},"end":{"line":14,"column":73}},"locations":[{"start":{"line":14,"column":30},"end":{"line":14,"column":73}}]}},"b":{"0":[13],"1":[12]},"fnMap":{"0":{"name":"toggleTheme","decl":{"start":{"line":10,"column":15},"end":{"line":10,"column":24}},"loc":{"start":{"line":10,"column":15},"end":{"line":10,"column":24}},"line":10},"1":{"name":"useTheme","decl":{"start":{"line":13,"column":24},"end":{"line":13,"column":61}},"loc":{"start":{"line":13,"column":24},"end":{"line":13,"column":61}},"line":13},"2":{"name":"useThemeUpdate","decl":{"start":{"line":14,"column":30},"end":{"line":14,"column":73}},"loc":{"start":{"line":14,"column":30},"end":{"line":14,"column":73}},"line":14}},"f":{"0":0,"1":13,"2":12}}
,"C:\\Users\\Lenovo\\Desktop\\D\\it development\\RS-School\\asastra97-REACT2025Q1\\src\\providers\\ThemeProvider\\index.tsx": {"path":"C:\\Users\\Lenovo\\Desktop\\D\\it development\\RS-School\\asastra97-REACT2025Q1\\src\\providers\\ThemeProvider\\index.tsx","all":false,"statementMap":{"0":{"start":{"line":1,"column":0},"end":{"line":1,"column":63}},"1":{"start":{"line":2,"column":0},"end":{"line":2,"column":64}},"2":{"start":{"line":3,"column":0},"end":{"line":3,"column":46}},"3":{"start":{"line":4,"column":0},"end":{"line":4,"column":43}},"5":{"start":{"line":6,"column":0},"end":{"line":6,"column":67}},"6":{"start":{"line":7,"column":0},"end":{"line":7,"column":48}},"7":{"start":{"line":8,"column":0},"end":{"line":8,"column":63}},"8":{"start":{"line":9,"column":0},"end":{"line":9,"column":12}},"9":{"start":{"line":10,"column":0},"end":{"line":10,"column":11}},"10":{"start":{"line":11,"column":0},"end":{"line":11,"column":4}},"12":{"start":{"line":13,"column":0},"end":{"line":13,"column":19}},"13":{"start":{"line":14,"column":0},"end":{"line":14,"column":21}},"14":{"start":{"line":15,"column":0},"end":{"line":15,"column":9}},"16":{"start":{"line":17,"column":0},"end":{"line":17,"column":29}},"17":{"start":{"line":18,"column":0},"end":{"line":18,"column":71}},"18":{"start":{"line":19,"column":0},"end":{"line":19,"column":4}},"20":{"start":{"line":21,"column":0},"end":{"line":21,"column":17}},"21":{"start":{"line":22,"column":0},"end":{"line":22,"column":12}},"22":{"start":{"line":23,"column":0},"end":{"line":23,"column":29}},"23":{"start":{"line":24,"column":0},"end":{"line":24,"column":19}},"24":{"start":{"line":25,"column":0},"end":{"line":25,"column":12}},"26":{"start":{"line":27,"column":0},"end":{"line":27,"column":3}},"28":{"start":{"line":29,"column":0},"end":{"line":29,"column":10}},"29":{"start":{"line":30,"column":0},"end":{"line":30,"column":58}},"30":{"start":{"line":31,"column":0},"end":{"line":31,"column":45}},"31":{"start":{"line":32,"column":0},"end":{"line":32,"column":28}},"33":{"start":{"line":34,"column":0},"end":{"line":34,"column":2}}},"s":{"0":1,"1":1,"2":1,"3":1,"5":1,"6":8,"7":8,"8":8,"9":8,"10":8,"12":8,"13":4,"14":8,"16":8,"17":3,"18":3,"20":8,"21":4,"22":4,"23":4,"24":4,"26":4,"28":4,"29":4,"30":4,"31":4,"33":4},"branchMap":{"0":{"type":"branch","line":6,"loc":{"start":{"line":6,"column":29},"end":{"line":34,"column":2}},"locations":[{"start":{"line":6,"column":29},"end":{"line":34,"column":2}}]},"1":{"type":"branch","line":21,"loc":{"start":{"line":21,"column":16},"end":{"line":34,"column":2}},"locations":[{"start":{"line":21,"column":16},"end":{"line":34,"column":2}}]},"2":{"type":"branch","line":13,"loc":{"start":{"line":13,"column":12},"end":{"line":15,"column":5}},"locations":[{"start":{"line":13,"column":12},"end":{"line":15,"column":5}}]},"3":{"type":"branch","line":17,"loc":{"start":{"line":17,"column":22},"end":{"line":19,"column":4}},"locations":[{"start":{"line":17,"column":22},"end":{"line":19,"column":4}}]},"4":{"type":"branch","line":18,"loc":{"start":{"line":18,"column":13},"end":{"line":18,"column":69}},"locations":[{"start":{"line":18,"column":13},"end":{"line":18,"column":69}}]},"5":{"type":"branch","line":18,"loc":{"start":{"line":18,"column":43},"end":{"line":18,"column":62}},"locations":[{"start":{"line":18,"column":43},"end":{"line":18,"column":62}}]},"6":{"type":"branch","line":18,"loc":{"start":{"line":18,"column":52},"end":{"line":18,"column":69}},"locations":[{"start":{"line":18,"column":52},"end":{"line":18,"column":69}}]}},"b":{"0":[8],"1":[4],"2":[4],"3":[3],"4":[3],"5":[2],"6":[1]},"fnMap":{"0":{"name":"ThemeProvider","decl":{"start":{"line":6,"column":29},"end":{"line":34,"column":2}},"loc":{"start":{"line":6,"column":29},"end":{"line":34,"column":2}},"line":6},"1":{"name":"toggleTheme","decl":{"start":{"line":17,"column":22},"end":{"line":19,"column":4}},"loc":{"start":{"line":17,"column":22},"end":{"line":19,"column":4}},"line":17}},"f":{"0":8,"1":3}}
}
